{"level":"INFO","time":"2024-03-17T17:38:16.002+0800","caller":"Go_forum/main.go:82","msg":"Shutdown Server ..."}
{"level":"INFO","time":"2024-03-17T17:38:16.009+0800","caller":"Go_forum/main.go:91","msg":"Server exiting"}
{"level":"INFO","time":"2024-03-17T17:40:22.366+0800","caller":"Go_forum/main.go:82","msg":"Shutdown Server ..."}
{"level":"INFO","time":"2024-03-17T17:40:22.373+0800","caller":"Go_forum/main.go:91","msg":"Server exiting"}
{"level":"INFO","time":"2024-03-17T17:43:34.864+0800","caller":"Go_forum/main.go:82","msg":"Shutdown Server ..."}
{"level":"INFO","time":"2024-03-17T17:43:34.871+0800","caller":"Go_forum/main.go:91","msg":"Server exiting"}
{"level":"INFO","time":"2024-03-17T17:44:15.583+0800","caller":"Go_forum/main.go:82","msg":"Shutdown Server ..."}
{"level":"INFO","time":"2024-03-17T17:44:15.590+0800","caller":"Go_forum/main.go:91","msg":"Server exiting"}
{"level":"INFO","time":"2024-03-17T17:44:29.588+0800","caller":"Go_forum/main.go:82","msg":"Shutdown Server ..."}
{"level":"INFO","time":"2024-03-17T17:44:29.595+0800","caller":"Go_forum/main.go:91","msg":"Server exiting"}
{"level":"ERROR","time":"2024-03-17T21:07:01.746+0800","caller":"controllers/users.go:28","msg":"Regiter with incorrect param"}
{"level":"INFO","time":"2024-03-17T21:07:01.753+0800","caller":"logger/logger.go:71","msg":"/register","status":200,"method":"POST","path":"/register","query":"","ip":"::1","user-agent":"PostmanRuntime/7.36.3","errors":"","cost":0.0071335}
{"level":"ERROR","time":"2024-03-17T21:07:18.393+0800","caller":"controllers/users.go:28","msg":"Regiter with incorrect param"}
{"level":"INFO","time":"2024-03-17T21:07:18.394+0800","caller":"logger/logger.go:71","msg":"/register","status":200,"method":"POST","path":"/register","query":"","ip":"::1","user-agent":"PostmanRuntime/7.36.3","errors":"","cost":0.000804}
{"level":"INFO","time":"2024-03-18T10:10:56.497+0800","caller":"Go_forum/main.go:82","msg":"Shutdown Server ..."}
{"level":"INFO","time":"2024-03-18T10:10:56.497+0800","caller":"Go_forum/main.go:91","msg":"Server exiting"}
{"level":"INFO","time":"2024-03-18T10:11:24.400+0800","caller":"logger/logger.go:71","msg":"/register","status":200,"method":"POST","path":"/register","query":"","ip":"::1","user-agent":"PostmanRuntime/7.36.3","errors":"","cost":0.000149}
{"level":"ERROR","time":"2024-03-18T10:11:42.527+0800","caller":"controllers/users.go:20","msg":"Regiter with invalid param","error":"Key: 'Register.Re_Password' Error:Field validation for 'Re_Password' failed on the 'required' tag"}
{"level":"INFO","time":"2024-03-18T10:11:42.528+0800","caller":"logger/logger.go:71","msg":"/register","status":200,"method":"POST","path":"/register","query":"","ip":"::1","user-agent":"PostmanRuntime/7.36.3","errors":"","cost":0.0007253}
{"level":"INFO","time":"2024-03-18T10:12:42.634+0800","caller":"Go_forum/main.go:82","msg":"Shutdown Server ..."}
{"level":"INFO","time":"2024-03-18T10:12:42.634+0800","caller":"Go_forum/main.go:91","msg":"Server exiting"}
{"level":"ERROR","time":"2024-03-18T10:16:16.243+0800","caller":"controllers/users.go:20","msg":"Regiter with invalid param","error":"Key: 'Register.Re_Password' Error:Field validation for 'Re_Password' failed on the 'eqfield' tag"}
{"level":"INFO","time":"2024-03-18T10:16:16.250+0800","caller":"logger/logger.go:71","msg":"/register","status":200,"method":"POST","path":"/register","query":"","ip":"::1","user-agent":"PostmanRuntime/7.36.3","errors":"","cost":0.0071908}
{"level":"INFO","time":"2024-03-18T17:26:21.736+0800","caller":"Go_forum/main.go:82","msg":"Shutdown Server ..."}
{"level":"INFO","time":"2024-03-18T17:26:21.737+0800","caller":"Go_forum/main.go:91","msg":"Server exiting"}
{"level":"ERROR","time":"2024-03-18T17:26:41.149+0800","caller":"controllers/users.go:22","msg":"Regiter with invalid param","error":"Key: 'Register.Re_Password' Error:Field validation for 'Re_Password' failed on the 'eqfield' tag"}
{"level":"INFO","time":"2024-03-18T17:26:41.160+0800","caller":"logger/logger.go:71","msg":"/register","status":200,"method":"POST","path":"/register","query":"","ip":"::1","user-agent":"PostmanRuntime/7.36.3","errors":"","cost":0.0112621}
{"level":"INFO","time":"2024-03-18T17:33:30.076+0800","caller":"Go_forum/main.go:89","msg":"Shutdown Server ..."}
{"level":"INFO","time":"2024-03-18T17:33:30.076+0800","caller":"Go_forum/main.go:98","msg":"Server exiting"}
{"level":"ERROR","time":"2024-03-18T17:33:39.389+0800","caller":"controllers/users.go:22","msg":"Regiter with invalid param","error":"Key: 'Register.re_password' Error:Field validation for 're_password' failed on the 'eqfield' tag\nKey: 'Register.re_password' Error:Field validation for 're_password' failed on the 'eqfield' tag"}
{"level":"INFO","time":"2024-03-18T17:33:39.398+0800","caller":"logger/logger.go:71","msg":"/register","status":200,"method":"POST","path":"/register","query":"","ip":"::1","user-agent":"PostmanRuntime/7.36.3","errors":"","cost":0.0083541}
{"level":"ERROR","time":"2024-03-18T17:33:47.724+0800","caller":"controllers/users.go:22","msg":"Regiter with invalid param","error":"Key: 'Register.username' Error:Field validation for 'username' failed on the 'required' tag\nKey: 'Register.password' Error:Field validation for 'password' failed on the 'required' tag\nKey: 'Register.re_password' Error:Field validation for 're_password' failed on the 'eqfield' tag\nKey: 'Register.re_password' Error:Field validation for 're_password' failed on the 'eqfield' tag"}
{"level":"INFO","time":"2024-03-18T17:33:47.726+0800","caller":"logger/logger.go:71","msg":"/register","status":200,"method":"POST","path":"/register","query":"","ip":"::1","user-agent":"PostmanRuntime/7.36.3","errors":"","cost":0.0018132}
{"level":"ERROR","time":"2024-03-18T17:33:53.431+0800","caller":"controllers/users.go:22","msg":"Regiter with invalid param","error":"Key: 'Register.username' Error:Field validation for 'username' failed on the 'required' tag\nKey: 'Register.password' Error:Field validation for 'password' failed on the 'required' tag\nKey: 'Register.re_password' Error:Field validation for 're_password' failed on the 'required' tag"}
{"level":"INFO","time":"2024-03-18T17:33:53.433+0800","caller":"logger/logger.go:71","msg":"/register","status":200,"method":"POST","path":"/register","query":"","ip":"::1","user-agent":"PostmanRuntime/7.36.3","errors":"","cost":0.0023124}
{"level":"INFO","time":"2024-03-18T17:34:06.555+0800","caller":"Go_forum/main.go:89","msg":"Shutdown Server ..."}
{"level":"INFO","time":"2024-03-18T17:34:06.555+0800","caller":"Go_forum/main.go:98","msg":"Server exiting"}
{"level":"ERROR","time":"2024-03-18T17:47:15.643+0800","caller":"controllers/users.go:22","msg":"Register with invalid param","error":"Key: 'Register.username' Error:Field validation for 'username' failed on the 'required' tag\nKey: 'Register.password' Error:Field validation for 'password' failed on the 'required' tag\nKey: 'Register.re_password' Error:Field validation for 're_password' failed on the 'required' tag"}
{"level":"INFO","time":"2024-03-18T17:47:15.651+0800","caller":"logger/logger.go:71","msg":"/register","status":200,"method":"POST","path":"/register","query":"","ip":"::1","user-agent":"PostmanRuntime/7.36.3","errors":"","cost":0.0078015}
{"level":"ERROR","time":"2024-03-18T17:47:26.042+0800","caller":"controllers/users.go:22","msg":"Register with invalid param","error":"Key: 'Register.re_password' Error:Field validation for 're_password' failed on the 'eqfield' tag\nKey: 'Register.re_password' Error:Field validation for 're_password' failed on the 'eqfield' tag"}
{"level":"INFO","time":"2024-03-18T17:47:26.042+0800","caller":"logger/logger.go:71","msg":"/register","status":200,"method":"POST","path":"/register","query":"","ip":"::1","user-agent":"PostmanRuntime/7.36.3","errors":"","cost":0.0003204}
{"level":"INFO","time":"2024-03-18T17:47:30.204+0800","caller":"logger/logger.go:71","msg":"/register","status":200,"method":"POST","path":"/register","query":"","ip":"::1","user-agent":"PostmanRuntime/7.36.3","errors":"","cost":0.0023456}
{"level":"INFO","time":"2024-03-18T17:51:45.015+0800","caller":"Go_forum/main.go:89","msg":"Shutdown Server ..."}
{"level":"INFO","time":"2024-03-18T17:51:45.015+0800","caller":"Go_forum/main.go:98","msg":"Server exiting"}
{"level":"INFO","time":"2024-03-18T17:51:52.013+0800","caller":"logger/logger.go:71","msg":"/register","status":200,"method":"POST","path":"/register","query":"","ip":"::1","user-agent":"PostmanRuntime/7.36.3","errors":"","cost":0.0016493}
{"level":"INFO","time":"2024-03-18T17:52:20.699+0800","caller":"Go_forum/main.go:89","msg":"Shutdown Server ..."}
{"level":"INFO","time":"2024-03-18T17:52:20.699+0800","caller":"Go_forum/main.go:98","msg":"Server exiting"}
{"level":"INFO","time":"2024-03-18T17:52:29.272+0800","caller":"logger/logger.go:71","msg":"/register","status":200,"method":"POST","path":"/register","query":"","ip":"::1","user-agent":"PostmanRuntime/7.36.3","errors":"","cost":0.0069589}
{"level":"INFO","time":"2024-03-18T17:59:48.015+0800","caller":"Go_forum/main.go:89","msg":"Shutdown Server ..."}
{"level":"INFO","time":"2024-03-18T17:59:48.015+0800","caller":"Go_forum/main.go:98","msg":"Server exiting"}
{"level":"INFO","time":"2024-03-18T17:59:58.688+0800","caller":"logger/logger.go:71","msg":"/register","status":200,"method":"POST","path":"/register","query":"","ip":"::1","user-agent":"PostmanRuntime/7.36.3","errors":"","cost":0.0032239}
{"level":"INFO","time":"2024-03-18T18:00:23.163+0800","caller":"Go_forum/main.go:89","msg":"Shutdown Server ..."}
{"level":"INFO","time":"2024-03-18T18:00:23.163+0800","caller":"Go_forum/main.go:98","msg":"Server exiting"}
{"level":"INFO","time":"2024-03-19T12:06:08.772+0800","caller":"logger/logger.go:83","msg":"/register","status":200,"method":"POST","path":"/register","query":"","ip":"::1","user-agent":"PostmanRuntime/7.37.0","errors":"","cost":0.0038346}
{"level":"INFO","time":"2024-03-19T12:08:24.122+0800","caller":"Go_forum/main.go:89","msg":"Shutdown Server ..."}
{"level":"INFO","time":"2024-03-19T12:08:24.122+0800","caller":"Go_forum/main.go:98","msg":"Server exiting"}
{"level":"INFO","time":"2024-03-19T12:08:44.887+0800","caller":"logger/logger.go:83","msg":"/register","status":200,"method":"POST","path":"/register","query":"","ip":"::1","user-agent":"PostmanRuntime/7.37.0","errors":"","cost":0.0017586}
{"level":"INFO","time":"2024-03-19T12:09:03.848+0800","caller":"Go_forum/main.go:89","msg":"Shutdown Server ..."}
{"level":"INFO","time":"2024-03-19T12:09:03.848+0800","caller":"Go_forum/main.go:98","msg":"Server exiting"}
{"level":"INFO","time":"2024-03-19T14:31:23.397+0800","caller":"logger/logger.go:83","msg":"/user","status":404,"method":"POST","path":"/user","query":"","ip":"::1","user-agent":"PostmanRuntime/7.37.0","errors":"","cost":0}
{"level":"INFO","time":"2024-03-19T14:32:26.307+0800","caller":"logger/logger.go:83","msg":"/login","status":200,"method":"POST","path":"/login","query":"","ip":"::1","user-agent":"PostmanRuntime/7.37.0","errors":"","cost":0.0025663}
{"level":"INFO","time":"2024-03-19T14:32:38.143+0800","caller":"logger/logger.go:83","msg":"/login","status":200,"method":"POST","path":"/login","query":"","ip":"::1","user-agent":"PostmanRuntime/7.37.0","errors":"","cost":0.0018752}
{"level":"ERROR","time":"2024-03-19T14:33:12.869+0800","caller":"controllers/users.go:59","msg":"Login with invalid param","error":"Key: 'Login.username' Error:Field validation for 'username' failed on the 'required' tag"}
{"level":"INFO","time":"2024-03-19T14:33:12.869+0800","caller":"logger/logger.go:83","msg":"/login","status":200,"method":"POST","path":"/login","query":"","ip":"::1","user-agent":"PostmanRuntime/7.37.0","errors":"","cost":0.0003099}
{"level":"INFO","time":"2024-03-19T14:33:20.983+0800","caller":"logger/logger.go:83","msg":"/login","status":200,"method":"POST","path":"/login","query":"","ip":"::1","user-agent":"PostmanRuntime/7.37.0","errors":"","cost":0.002209}
{"level":"INFO","time":"2024-03-19T14:33:50.438+0800","caller":"Go_forum/main.go:89","msg":"Shutdown Server ..."}
{"level":"INFO","time":"2024-03-19T14:33:50.438+0800","caller":"Go_forum/main.go:98","msg":"Server exiting"}
{"level":"INFO","time":"2024-03-19T14:33:59.547+0800","caller":"logger/logger.go:83","msg":"/login","status":200,"method":"POST","path":"/login","query":"","ip":"::1","user-agent":"PostmanRuntime/7.37.0","errors":"","cost":0.0012168}
{"level":"INFO","time":"2024-03-19T14:34:07.321+0800","caller":"logger/logger.go:83","msg":"/login","status":200,"method":"POST","path":"/login","query":"","ip":"::1","user-agent":"PostmanRuntime/7.37.0","errors":"","cost":0.0020967}
{"level":"INFO","time":"2024-03-19T16:07:39.429+0800","caller":"Go_forum/main.go:89","msg":"Shutdown Server ..."}
{"level":"INFO","time":"2024-03-19T16:07:39.430+0800","caller":"Go_forum/main.go:98","msg":"Server exiting"}
{"level":"ERROR","time":"2024-03-19T21:42:50.626+0800","caller":"controllers/users.go:62","msg":"logic.Login failed:","username":"EEbond","error":"用户名或密码错误"}
{"level":"INFO","time":"2024-03-19T21:42:50.634+0800","caller":"logger/logger.go:83","msg":"/login","status":200,"method":"POST","path":"/login","query":"","ip":"::1","user-agent":"PostmanRuntime/7.37.0","errors":"","cost":0.0088553}
{"level":"ERROR","time":"2024-03-19T21:42:57.673+0800","caller":"controllers/users.go:49","msg":"Login with invalid param","error":"Key: 'Login.username' Error:Field validation for 'username' failed on the 'required' tag"}
{"level":"INFO","time":"2024-03-19T21:42:57.673+0800","caller":"logger/logger.go:83","msg":"/login","status":200,"method":"POST","path":"/login","query":"","ip":"::1","user-agent":"PostmanRuntime/7.37.0","errors":"","cost":0.0000557}
{"level":"ERROR","time":"2024-03-19T21:43:05.849+0800","caller":"controllers/users.go:49","msg":"Login with invalid param","error":"Key: 'Login.username' Error:Field validation for 'username' failed on the 'required' tag\nKey: 'Login.password' Error:Field validation for 'password' failed on the 'required' tag"}
{"level":"INFO","time":"2024-03-19T21:43:05.849+0800","caller":"logger/logger.go:83","msg":"/login","status":200,"method":"POST","path":"/login","query":"","ip":"::1","user-agent":"PostmanRuntime/7.37.0","errors":"","cost":0.0001067}
{"level":"ERROR","time":"2024-03-19T21:43:17.732+0800","caller":"controllers/users.go:62","msg":"logic.Login failed:","username":"EEbnd","error":"用户名或密码错误"}
{"level":"INFO","time":"2024-03-19T21:43:17.732+0800","caller":"logger/logger.go:83","msg":"/login","status":200,"method":"POST","path":"/login","query":"","ip":"::1","user-agent":"PostmanRuntime/7.37.0","errors":"","cost":0.0031868}
{"level":"INFO","time":"2024-03-19T21:43:21.296+0800","caller":"logger/logger.go:83","msg":"/login","status":200,"method":"POST","path":"/login","query":"","ip":"::1","user-agent":"PostmanRuntime/7.37.0","errors":"","cost":0.001334}
{"level":"INFO","time":"2024-03-19T23:25:51.509+0800","caller":"Go_forum/main.go:89","msg":"Shutdown Server ..."}
{"level":"INFO","time":"2024-03-19T23:25:51.514+0800","caller":"Go_forum/main.go:98","msg":"Server exiting"}
{"level":"INFO","time":"2024-03-20T13:37:27.444+0800","caller":"logger/logger.go:83","msg":"/login","status":200,"method":"POST","path":"/login","query":"","ip":"::1","user-agent":"PostmanRuntime/7.37.0","errors":"","cost":0.0025573}
{"level":"INFO","time":"2024-03-20T14:34:56.101+0800","caller":"logger/logger.go:83","msg":"/login","status":200,"method":"POST","path":"/login","query":"","ip":"::1","user-agent":"PostmanRuntime/7.37.0","errors":"","cost":0.0025829}
{"level":"INFO","time":"2024-03-20T14:35:30.219+0800","caller":"Go_forum/main.go:89","msg":"Shutdown Server ..."}
{"level":"INFO","time":"2024-03-20T14:35:30.219+0800","caller":"Go_forum/main.go:98","msg":"Server exiting"}
{"level":"INFO","time":"2024-04-06T15:54:01.652+0800","caller":"logger/logger.go:83","msg":"/api/v1/community","status":200,"method":"GET","path":"/api/v1/community","query":"","ip":"::1","user-agent":"PostmanRuntime/7.37.0","errors":"","cost":0.0005153}
{"level":"INFO","time":"2024-04-06T15:55:34.479+0800","caller":"logger/logger.go:83","msg":"/api/v1/login","status":200,"method":"POST","path":"/api/v1/login","query":"","ip":"::1","user-agent":"PostmanRuntime/7.37.0","errors":"","cost":0.0039431}
{"level":"ERROR","time":"2024-04-06T15:55:44.402+0800","caller":"controllers/community.go:13","msg":"logic.GetCommunityList() failed"}
{"level":"INFO","time":"2024-04-06T15:55:44.403+0800","caller":"logger/logger.go:83","msg":"/api/v1/community","status":200,"method":"GET","path":"/api/v1/community","query":"","ip":"::1","user-agent":"PostmanRuntime/7.37.0","errors":"","cost":0.0017908}
{"level":"INFO","time":"2024-04-06T16:00:37.698+0800","caller":"Go_forum/main.go:89","msg":"Shutdown Server ..."}
{"level":"INFO","time":"2024-04-06T16:00:37.698+0800","caller":"Go_forum/main.go:98","msg":"Server exiting"}
{"level":"ERROR","time":"2024-04-06T16:00:48.852+0800","caller":"controllers/community.go:13","msg":"logic.GetCommunityList() failed"}
{"level":"INFO","time":"2024-04-06T16:00:48.859+0800","caller":"logger/logger.go:83","msg":"/api/v1/community","status":200,"method":"GET","path":"/api/v1/community","query":"","ip":"::1","user-agent":"PostmanRuntime/7.37.0","errors":"","cost":0.0079028}
{"level":"INFO","time":"2024-04-06T16:04:21.375+0800","caller":"Go_forum/main.go:89","msg":"Shutdown Server ..."}
{"level":"INFO","time":"2024-04-06T16:04:21.375+0800","caller":"Go_forum/main.go:98","msg":"Server exiting"}
{"level":"ERROR","time":"2024-04-06T16:04:58.497+0800","caller":"controllers/community.go:13","msg":"logic.GetCommunityList() failed"}
{"level":"INFO","time":"2024-04-06T16:04:58.504+0800","caller":"logger/logger.go:83","msg":"/api/v1/community","status":200,"method":"GET","path":"/api/v1/community","query":"","ip":"::1","user-agent":"PostmanRuntime/7.37.0","errors":"","cost":0.0081376}
{"level":"INFO","time":"2024-04-06T16:06:02.361+0800","caller":"Go_forum/main.go:89","msg":"Shutdown Server ..."}
{"level":"INFO","time":"2024-04-06T16:06:02.361+0800","caller":"Go_forum/main.go:98","msg":"Server exiting"}
{"level":"ERROR","time":"2024-04-06T16:06:09.410+0800","caller":"mysql/community.go:17","msg":"must pass a pointer, not a value, to StructScan destination"}
{"level":"ERROR","time":"2024-04-06T16:06:09.417+0800","caller":"controllers/community.go:13","msg":"logic.GetCommunityList() failed"}
{"level":"INFO","time":"2024-04-06T16:06:09.417+0800","caller":"logger/logger.go:83","msg":"/api/v1/community","status":200,"method":"GET","path":"/api/v1/community","query":"","ip":"::1","user-agent":"PostmanRuntime/7.37.0","errors":"","cost":0.008072}
{"level":"INFO","time":"2024-04-06T16:06:57.347+0800","caller":"Go_forum/main.go:89","msg":"Shutdown Server ..."}
{"level":"INFO","time":"2024-04-06T16:06:57.347+0800","caller":"Go_forum/main.go:98","msg":"Server exiting"}
{"level":"ERROR","time":"2024-04-06T16:07:02.948+0800","caller":"mysql/community.go:17","msg":"must pass a pointer, not a value, to StructScan destination"}
{"level":"ERROR","time":"2024-04-06T16:07:02.955+0800","caller":"controllers/community.go:13","msg":"logic.GetCommunityList() failed"}
{"level":"INFO","time":"2024-04-06T16:07:02.955+0800","caller":"logger/logger.go:83","msg":"/api/v1/community","status":200,"method":"GET","path":"/api/v1/community","query":"","ip":"::1","user-agent":"PostmanRuntime/7.37.0","errors":"","cost":0.0084405}
{"level":"INFO","time":"2024-04-06T16:11:12.004+0800","caller":"Go_forum/main.go:89","msg":"Shutdown Server ..."}
{"level":"INFO","time":"2024-04-06T16:11:12.004+0800","caller":"Go_forum/main.go:98","msg":"Server exiting"}
{"level":"INFO","time":"2024-04-06T16:11:19.181+0800","caller":"logger/logger.go:83","msg":"/api/v1/community","status":200,"method":"GET","path":"/api/v1/community","query":"","ip":"::1","user-agent":"PostmanRuntime/7.37.0","errors":"","cost":0.0011692}
{"level":"INFO","time":"2024-04-06T16:41:06.587+0800","caller":"Go_forum/main.go:89","msg":"Shutdown Server ..."}
{"level":"INFO","time":"2024-04-06T16:41:06.588+0800","caller":"Go_forum/main.go:98","msg":"Server exiting"}
{"level":"INFO","time":"2024-04-06T17:03:03.739+0800","caller":"logger/logger.go:83","msg":"/","status":200,"method":"GET","path":"/","query":"","ip":"::1","user-agent":"Mozilla/5.0 (Windows NT 10.0; Win64; x64) AppleWebKit/537.36 (KHTML, like Gecko) Chrome/123.0.0.0 Safari/537.36 Edg/123.0.0.0","errors":"","cost":0.0005175}
{"level":"INFO","time":"2024-04-06T17:03:06.094+0800","caller":"logger/logger.go:83","msg":"/","status":200,"method":"GET","path":"/","query":"","ip":"::1","user-agent":"Mozilla/5.0 (Windows NT 10.0; Win64; x64) AppleWebKit/537.36 (KHTML, like Gecko) Chrome/123.0.0.0 Safari/537.36 Edg/123.0.0.0","errors":"","cost":0}
{"level":"INFO","time":"2024-04-06T17:03:09.751+0800","caller":"logger/logger.go:83","msg":"/","status":200,"method":"GET","path":"/","query":"","ip":"::1","user-agent":"Mozilla/5.0 (Windows NT 10.0; Win64; x64) AppleWebKit/537.36 (KHTML, like Gecko) Chrome/123.0.0.0 Safari/537.36 Edg/123.0.0.0","errors":"","cost":0}
{"level":"INFO","time":"2024-04-06T17:19:00.020+0800","caller":"Go_forum/main.go:89","msg":"Shutdown Server ..."}
{"level":"INFO","time":"2024-04-06T17:19:00.020+0800","caller":"Go_forum/main.go:98","msg":"Server exiting"}
{"level":"INFO","time":"2024-04-06T17:19:13.589+0800","caller":"logger/logger.go:83","msg":"/api/v1/community/1","status":200,"method":"GET","path":"/api/v1/community/1","query":"","ip":"::1","user-agent":"PostmanRuntime/7.37.0","errors":"","cost":0.0013177}
{"level":"INFO","time":"2024-04-06T17:19:16.443+0800","caller":"logger/logger.go:83","msg":"/api/v1/community/2","status":200,"method":"GET","path":"/api/v1/community/2","query":"","ip":"::1","user-agent":"PostmanRuntime/7.37.0","errors":"","cost":0.0019304}
{"level":"INFO","time":"2024-04-06T17:19:18.078+0800","caller":"logger/logger.go:83","msg":"/api/v1/community/3","status":200,"method":"GET","path":"/api/v1/community/3","query":"","ip":"::1","user-agent":"PostmanRuntime/7.37.0","errors":"","cost":0.0019433}
{"level":"INFO","time":"2024-04-06T17:19:19.463+0800","caller":"logger/logger.go:83","msg":"/api/v1/community/4","status":200,"method":"GET","path":"/api/v1/community/4","query":"","ip":"::1","user-agent":"PostmanRuntime/7.37.0","errors":"","cost":0.0023355}
{"level":"WARN","time":"2024-04-06T17:19:21.009+0800","caller":"mysql/community.go:28","msg":"no community(id) in db"}
{"level":"INFO","time":"2024-04-06T17:19:21.009+0800","caller":"logger/logger.go:83","msg":"/api/v1/community/56","status":200,"method":"GET","path":"/api/v1/community/56","query":"","ip":"::1","user-agent":"PostmanRuntime/7.37.0","errors":"","cost":0.001487}
{"level":"WARN","time":"2024-04-06T17:19:23.384+0800","caller":"mysql/community.go:28","msg":"no community(id) in db"}
{"level":"INFO","time":"2024-04-06T17:19:23.384+0800","caller":"logger/logger.go:83","msg":"/api/v1/community/5","status":200,"method":"GET","path":"/api/v1/community/5","query":"","ip":"::1","user-agent":"PostmanRuntime/7.37.0","errors":"","cost":0.0013986}
{"level":"WARN","time":"2024-04-06T17:19:25.789+0800","caller":"mysql/community.go:28","msg":"no community(id) in db"}
{"level":"INFO","time":"2024-04-06T17:19:25.790+0800","caller":"logger/logger.go:83","msg":"/api/v1/community/0","status":200,"method":"GET","path":"/api/v1/community/0","query":"","ip":"::1","user-agent":"PostmanRuntime/7.37.0","errors":"","cost":0.0012753}
{"level":"INFO","time":"2024-04-06T17:19:26.491+0800","caller":"logger/logger.go:83","msg":"/api/v1/community","status":200,"method":"GET","path":"/api/v1/community","query":"","ip":"::1","user-agent":"PostmanRuntime/7.37.0","errors":"","cost":0.0016784}
{"level":"INFO","time":"2024-04-06T22:00:23.466+0800","caller":"Go_forum/main.go:89","msg":"Shutdown Server ..."}
{"level":"INFO","time":"2024-04-06T22:00:23.466+0800","caller":"Go_forum/main.go:98","msg":"Server exiting"}
{"level":"INFO","time":"2024-04-07T16:12:41.490+0800","caller":"logger/logger.go:83","msg":"/api/v1/","status":200,"method":"GET","path":"/api/v1/","query":"","ip":"127.0.0.1","user-agent":"Mozilla/5.0 (Windows NT 10.0; Win64; x64) AppleWebKit/537.36 (KHTML, like Gecko) Chrome/123.0.0.0 Safari/537.36","errors":"","cost":0.0059123}
{"level":"INFO","time":"2024-04-07T16:12:41.572+0800","caller":"logger/logger.go:83","msg":"/static/js/app.7fce8887.js","status":200,"method":"GET","path":"/static/js/app.7fce8887.js","query":"","ip":"::1","user-agent":"Mozilla/5.0 (Windows NT 10.0; Win64; x64) AppleWebKit/537.36 (KHTML, like Gecko) Chrome/123.0.0.0 Safari/537.36","errors":"","cost":0.0379727}
{"level":"INFO","time":"2024-04-07T16:12:41.572+0800","caller":"logger/logger.go:83","msg":"/static/css/app.50fb5caf.css","status":200,"method":"GET","path":"/static/css/app.50fb5caf.css","query":"","ip":"127.0.0.1","user-agent":"Mozilla/5.0 (Windows NT 10.0; Win64; x64) AppleWebKit/537.36 (KHTML, like Gecko) Chrome/123.0.0.0 Safari/537.36","errors":"","cost":0.0425788}
{"level":"INFO","time":"2024-04-07T16:12:41.579+0800","caller":"logger/logger.go:83","msg":"/static/js/chunk-vendors.57f9e9d6.js","status":200,"method":"GET","path":"/static/js/chunk-vendors.57f9e9d6.js","query":"","ip":"::1","user-agent":"Mozilla/5.0 (Windows NT 10.0; Win64; x64) AppleWebKit/537.36 (KHTML, like Gecko) Chrome/123.0.0.0 Safari/537.36","errors":"","cost":0.0447868}
{"level":"INFO","time":"2024-04-07T16:12:41.623+0800","caller":"logger/logger.go:83","msg":"/static/img/logo.da56125f.png","status":200,"method":"GET","path":"/static/img/logo.da56125f.png","query":"","ip":"::1","user-agent":"Mozilla/5.0 (Windows NT 10.0; Win64; x64) AppleWebKit/537.36 (KHTML, like Gecko) Chrome/123.0.0.0 Safari/537.36","errors":"","cost":0.0042835}
{"level":"INFO","time":"2024-04-07T16:12:41.623+0800","caller":"logger/logger.go:83","msg":"/static/img/search.8e85063d.png","status":200,"method":"GET","path":"/static/img/search.8e85063d.png","query":"","ip":"127.0.0.1","user-agent":"Mozilla/5.0 (Windows NT 10.0; Win64; x64) AppleWebKit/537.36 (KHTML, like Gecko) Chrome/123.0.0.0 Safari/537.36","errors":"","cost":0.0038777}
{"level":"INFO","time":"2024-04-07T16:12:41.715+0800","caller":"logger/logger.go:83","msg":"/static/favicon.ico","status":200,"method":"GET","path":"/static/favicon.ico","query":"","ip":"127.0.0.1","user-agent":"Mozilla/5.0 (Windows NT 10.0; Win64; x64) AppleWebKit/537.36 (KHTML, like Gecko) Chrome/123.0.0.0 Safari/537.36","errors":"","cost":0.0044356}
{"level":"INFO","time":"2024-04-07T16:12:53.082+0800","caller":"logger/logger.go:83","msg":"/static/js/app.7fce8887.js.map","status":200,"method":"GET","path":"/static/js/app.7fce8887.js.map","query":"","ip":"::1","user-agent":"Mozilla/5.0 (Windows NT 10.0; Win64; x64) AppleWebKit/537.36 (KHTML, like Gecko) Chrome/123.0.0.0 Safari/537.36 Edg/123.0.0.0","errors":"","cost":0.0062539}
{"level":"INFO","time":"2024-04-07T16:12:53.083+0800","caller":"logger/logger.go:83","msg":"/static/js/chunk-vendors.57f9e9d6.js.map","status":200,"method":"GET","path":"/static/js/chunk-vendors.57f9e9d6.js.map","query":"","ip":"127.0.0.1","user-agent":"Mozilla/5.0 (Windows NT 10.0; Win64; x64) AppleWebKit/537.36 (KHTML, like Gecko) Chrome/123.0.0.0 Safari/537.36 Edg/123.0.0.0","errors":"","cost":0.0084547}
{"level":"INFO","time":"2024-04-07T16:13:02.052+0800","caller":"logger/logger.go:83","msg":"/api/v1/posts2","status":200,"method":"GET","path":"/api/v1/posts2","query":"page=1&order=time","ip":"127.0.0.1","user-agent":"Mozilla/5.0 (Windows NT 10.0; Win64; x64) AppleWebKit/537.36 (KHTML, like Gecko) Chrome/123.0.0.0 Safari/537.36","errors":"","cost":0.0006297}
{"level":"INFO","time":"2024-04-07T16:13:02.058+0800","caller":"logger/logger.go:83","msg":"/static/img/avatar.7b0a9835.png","status":200,"method":"GET","path":"/static/img/avatar.7b0a9835.png","query":"","ip":"::1","user-agent":"Mozilla/5.0 (Windows NT 10.0; Win64; x64) AppleWebKit/537.36 (KHTML, like Gecko) Chrome/123.0.0.0 Safari/537.36","errors":"","cost":0.0057739}
{"level":"INFO","time":"2024-04-07T16:13:06.235+0800","caller":"logger/logger.go:83","msg":"/api/v1/posts2","status":200,"method":"GET","path":"/api/v1/posts2","query":"page=1&order=score","ip":"::1","user-agent":"Mozilla/5.0 (Windows NT 10.0; Win64; x64) AppleWebKit/537.36 (KHTML, like Gecko) Chrome/123.0.0.0 Safari/537.36","errors":"","cost":0}
{"level":"INFO","time":"2024-04-07T16:13:07.723+0800","caller":"logger/logger.go:83","msg":"/api/v1/posts2","status":200,"method":"GET","path":"/api/v1/posts2","query":"page=1&order=time","ip":"::1","user-agent":"Mozilla/5.0 (Windows NT 10.0; Win64; x64) AppleWebKit/537.36 (KHTML, like Gecko) Chrome/123.0.0.0 Safari/537.36","errors":"","cost":0}
{"level":"ERROR","time":"2024-04-07T16:13:20.131+0800","caller":"controllers/users.go:49","msg":"Login with invalid param","error":"Key: 'Login.username' Error:Field validation for 'username' failed on the 'required' tag\nKey: 'Login.password' Error:Field validation for 'password' failed on the 'required' tag"}
{"level":"INFO","time":"2024-04-07T16:13:20.131+0800","caller":"logger/logger.go:83","msg":"/api/v1/login","status":200,"method":"POST","path":"/api/v1/login","query":"","ip":"::1","user-agent":"Mozilla/5.0 (Windows NT 10.0; Win64; x64) AppleWebKit/537.36 (KHTML, like Gecko) Chrome/123.0.0.0 Safari/537.36","errors":"","cost":0.0009173}
{"level":"INFO","time":"2024-04-07T16:13:36.595+0800","caller":"logger/logger.go:83","msg":"/api/v1/signup","status":200,"method":"POST","path":"/api/v1/signup","query":"","ip":"::1","user-agent":"Mozilla/5.0 (Windows NT 10.0; Win64; x64) AppleWebKit/537.36 (KHTML, like Gecko) Chrome/123.0.0.0 Safari/537.36","errors":"","cost":0}
{"level":"INFO","time":"2024-04-07T16:17:12.245+0800","caller":"logger/logger.go:83","msg":"/api/v1/login","status":200,"method":"POST","path":"/api/v1/login","query":"","ip":"::1","user-agent":"Mozilla/5.0 (Windows NT 10.0; Win64; x64) AppleWebKit/537.36 (KHTML, like Gecko) Chrome/123.0.0.0 Safari/537.36","errors":"","cost":0.0026558}
{"level":"INFO","time":"2024-04-07T16:17:15.141+0800","caller":"logger/logger.go:83","msg":"/api/v1/login","status":200,"method":"POST","path":"/api/v1/login","query":"","ip":"::1","user-agent":"Mozilla/5.0 (Windows NT 10.0; Win64; x64) AppleWebKit/537.36 (KHTML, like Gecko) Chrome/123.0.0.0 Safari/537.36","errors":"","cost":0.0020383}
{"level":"INFO","time":"2024-04-07T16:17:55.231+0800","caller":"logger/logger.go:83","msg":"/api/v1/posts2","status":200,"method":"GET","path":"/api/v1/posts2","query":"page=1&order=time","ip":"::1","user-agent":"Mozilla/5.0 (Windows NT 10.0; Win64; x64) AppleWebKit/537.36 (KHTML, like Gecko) Chrome/123.0.0.0 Safari/537.36","errors":"","cost":0}
{"level":"INFO","time":"2024-04-07T16:18:12.696+0800","caller":"logger/logger.go:83","msg":"/api/v1/posts2","status":200,"method":"GET","path":"/api/v1/posts2","query":"page=1&order=time","ip":"::1","user-agent":"Mozilla/5.0 (Windows NT 10.0; Win64; x64) AppleWebKit/537.36 (KHTML, like Gecko) Chrome/123.0.0.0 Safari/537.36","errors":"","cost":0}
{"level":"INFO","time":"2024-04-07T16:18:43.605+0800","caller":"Go_forum/main.go:89","msg":"Shutdown Server ..."}
{"level":"INFO","time":"2024-04-07T16:18:43.605+0800","caller":"Go_forum/main.go:98","msg":"Server exiting"}
{"level":"INFO","time":"2024-04-07T21:25:01.548+0800","caller":"logger/logger.go:83","msg":"/api/v1/login","status":200,"method":"POST","path":"/api/v1/login","query":"","ip":"::1","user-agent":"PostmanRuntime/7.37.3","errors":"","cost":0.0022487}
{"level":"INFO","time":"2024-04-07T21:26:51.680+0800","caller":"logger/logger.go:83","msg":"/api/v1/post","status":200,"method":"POST","path":"/api/v1/post","query":"","ip":"::1","user-agent":"PostmanRuntime/7.37.3","errors":"","cost":0.0002025}
{"level":"INFO","time":"2024-04-07T21:29:01.751+0800","caller":"Go_forum/main.go:89","msg":"Shutdown Server ..."}
{"level":"INFO","time":"2024-04-07T21:29:01.751+0800","caller":"Go_forum/main.go:98","msg":"Server exiting"}
{"level":"ERROR","time":"2024-04-07T21:29:10.929+0800","caller":"controllers/post.go:30","msg":"CreatePost error"}
{"level":"INFO","time":"2024-04-07T21:29:10.937+0800","caller":"logger/logger.go:83","msg":"/api/v1/post","status":200,"method":"POST","path":"/api/v1/post","query":"","ip":"::1","user-agent":"PostmanRuntime/7.37.3","errors":"","cost":0.0098978}
{"level":"INFO","time":"2024-04-07T21:30:27.578+0800","caller":"Go_forum/main.go:89","msg":"Shutdown Server ..."}
{"level":"INFO","time":"2024-04-07T21:30:27.578+0800","caller":"Go_forum/main.go:98","msg":"Server exiting"}
{"level":"ERROR","time":"2024-04-07T21:30:35.027+0800","caller":"controllers/post.go:30","msg":"CreatePost error:Error 1292 (22007): Incorrect datetime value: '0000-00-00' for column 'create_time' at row 1"}
{"level":"INFO","time":"2024-04-07T21:30:35.034+0800","caller":"logger/logger.go:83","msg":"/api/v1/post","status":200,"method":"POST","path":"/api/v1/post","query":"","ip":"::1","user-agent":"PostmanRuntime/7.37.3","errors":"","cost":0.0089118}
{"level":"INFO","time":"2024-04-07T21:32:31.150+0800","caller":"Go_forum/main.go:89","msg":"Shutdown Server ..."}
{"level":"INFO","time":"2024-04-07T21:32:31.150+0800","caller":"Go_forum/main.go:98","msg":"Server exiting"}
{"level":"INFO","time":"2024-04-07T21:33:15.952+0800","caller":"logger/logger.go:83","msg":"/api/v1/post","status":200,"method":"POST","path":"/api/v1/post","query":"","ip":"::1","user-agent":"PostmanRuntime/7.37.3","errors":"","cost":0.0032221}
{"level":"INFO","time":"2024-04-07T21:47:20.063+0800","caller":"Go_forum/main.go:89","msg":"Shutdown Server ..."}
{"level":"INFO","time":"2024-04-07T21:47:20.063+0800","caller":"Go_forum/main.go:98","msg":"Server exiting"}
{"level":"INFO","time":"2024-04-07T21:58:05.998+0800","caller":"logger/logger.go:83","msg":"/api/v1/post","status":200,"method":"POST","path":"/api/v1/post","query":"","ip":"::1","user-agent":"PostmanRuntime/7.37.3","errors":"","cost":0.0032498}
{"level":"INFO","time":"2024-04-07T22:04:36.246+0800","caller":"Go_forum/main.go:89","msg":"Shutdown Server ..."}
{"level":"INFO","time":"2024-04-07T22:04:36.246+0800","caller":"Go_forum/main.go:98","msg":"Server exiting"}
{"level":"INFO","time":"2024-04-07T22:05:48.185+0800","caller":"logger/logger.go:83","msg":"/api/v1/post/35356288007278592","status":200,"method":"GET","path":"/api/v1/post/35356288007278592","query":"","ip":"::1","user-agent":"PostmanRuntime/7.37.3","errors":"","cost":0}
{"level":"INFO","time":"2024-04-07T22:08:41.050+0800","caller":"logger/logger.go:83","msg":"/api/v1/post/35356288007278592","status":200,"method":"GET","path":"/api/v1/post/35356288007278592","query":"","ip":"::1","user-agent":"PostmanRuntime/7.37.3","errors":"","cost":0.0000481}
{"level":"ERROR","time":"2024-04-07T22:10:16.044+0800","caller":"controllers/post.go:52","msg":"GetPostById failed:nil pointer passed to StructScan destination"}
{"level":"INFO","time":"2024-04-07T22:10:16.044+0800","caller":"logger/logger.go:83","msg":"/api/v1/post/35356288007278592","status":200,"method":"GET","path":"/api/v1/post/35356288007278592","query":"","ip":"::1","user-agent":"PostmanRuntime/7.37.3","errors":"","cost":0.0019591}
{"level":"INFO","time":"2024-04-07T22:14:44.707+0800","caller":"Go_forum/main.go:89","msg":"Shutdown Server ..."}
{"level":"INFO","time":"2024-04-07T22:14:44.707+0800","caller":"Go_forum/main.go:98","msg":"Server exiting"}
{"level":"INFO","time":"2024-04-07T22:14:51.179+0800","caller":"logger/logger.go:83","msg":"/api/v1/post/35356288007278592","status":200,"method":"GET","path":"/api/v1/post/35356288007278592","query":"","ip":"::1","user-agent":"PostmanRuntime/7.37.3","errors":"","cost":0.00232}
{"level":"INFO","time":"2024-04-07T22:16:14.936+0800","caller":"Go_forum/main.go:89","msg":"Shutdown Server ..."}
{"level":"INFO","time":"2024-04-07T22:16:14.936+0800","caller":"Go_forum/main.go:98","msg":"Server exiting"}
{"level":"INFO","time":"2024-04-07T22:16:21.383+0800","caller":"logger/logger.go:83","msg":"/api/v1/post/35356288007278592","status":200,"method":"GET","path":"/api/v1/post/35356288007278592","query":"","ip":"::1","user-agent":"PostmanRuntime/7.37.3","errors":"","cost":0.0010367}
{"level":"INFO","time":"2024-04-07T22:17:54.124+0800","caller":"Go_forum/main.go:89","msg":"Shutdown Server ..."}
{"level":"INFO","time":"2024-04-07T22:17:54.124+0800","caller":"Go_forum/main.go:98","msg":"Server exiting"}
{"level":"ERROR","time":"2024-04-07T23:21:05.889+0800","caller":"controllers/post.go:52","msg":"GetPostDetailById failed:must pass a pointer, not a value, to StructScan destination"}
{"level":"INFO","time":"2024-04-07T23:21:05.896+0800","caller":"logger/logger.go:83","msg":"/api/v1/post/35356288007278592","status":200,"method":"GET","path":"/api/v1/post/35356288007278592","query":"","ip":"::1","user-agent":"PostmanRuntime/7.37.3","errors":"","cost":0.0119465}
{"level":"INFO","time":"2024-04-07T23:23:08.932+0800","caller":"Go_forum/main.go:89","msg":"Shutdown Server ..."}
{"level":"INFO","time":"2024-04-07T23:23:08.933+0800","caller":"Go_forum/main.go:98","msg":"Server exiting"}
{"level":"ERROR","time":"2024-04-07T23:23:14.645+0800","caller":"controllers/post.go:52","msg":"GetPostDetailById failed:must pass a pointer, not a value, to StructScan destination"}
{"level":"INFO","time":"2024-04-07T23:23:14.652+0800","caller":"logger/logger.go:83","msg":"/api/v1/post/35356288007278592","status":200,"method":"GET","path":"/api/v1/post/35356288007278592","query":"","ip":"::1","user-agent":"PostmanRuntime/7.37.3","errors":"","cost":0.0094059}
{"level":"INFO","time":"2024-04-07T23:25:07.702+0800","caller":"Go_forum/main.go:89","msg":"Shutdown Server ..."}
{"level":"INFO","time":"2024-04-07T23:25:07.702+0800","caller":"Go_forum/main.go:98","msg":"Server exiting"}
{"level":"ERROR","time":"2024-04-07T23:25:14.176+0800","caller":"controllers/post.go:52","msg":"GetPostDetailById failed:GetUsernameByUserid failedmust pass a pointer, not a value, to StructScan destination"}
{"level":"INFO","time":"2024-04-07T23:25:14.183+0800","caller":"logger/logger.go:83","msg":"/api/v1/post/35356288007278592","status":200,"method":"GET","path":"/api/v1/post/35356288007278592","query":"","ip":"::1","user-agent":"PostmanRuntime/7.37.3","errors":"","cost":0.0099891}
{"level":"INFO","time":"2024-04-07T23:25:34.046+0800","caller":"Go_forum/main.go:89","msg":"Shutdown Server ..."}
{"level":"INFO","time":"2024-04-07T23:25:34.046+0800","caller":"Go_forum/main.go:98","msg":"Server exiting"}
{"level":"INFO","time":"2024-04-07T23:25:42.286+0800","caller":"logger/logger.go:83","msg":"/api/v1/post/35356288007278592","status":200,"method":"GET","path":"/api/v1/post/35356288007278592","query":"","ip":"::1","user-agent":"PostmanRuntime/7.37.3","errors":"","cost":0.003608}
{"level":"INFO","time":"2024-04-07T23:31:16.753+0800","caller":"Go_forum/main.go:89","msg":"Shutdown Server ..."}
{"level":"INFO","time":"2024-04-07T23:31:16.753+0800","caller":"Go_forum/main.go:98","msg":"Server exiting"}
{"level":"INFO","time":"2024-04-07T23:31:25.865+0800","caller":"logger/logger.go:83","msg":"/api/v1/post/35356288007278592","status":200,"method":"GET","path":"/api/v1/post/35356288007278592","query":"","ip":"::1","user-agent":"PostmanRuntime/7.37.3","errors":"","cost":0.0039358}
{"level":"INFO","time":"2024-04-07T23:32:25.368+0800","caller":"Go_forum/main.go:89","msg":"Shutdown Server ..."}
{"level":"INFO","time":"2024-04-07T23:32:25.368+0800","caller":"Go_forum/main.go:98","msg":"Server exiting"}
{"level":"INFO","time":"2024-04-12T20:28:11.314+0800","caller":"Go_forum/main.go:89","msg":"Shutdown Server ..."}
{"level":"INFO","time":"2024-04-12T20:28:11.321+0800","caller":"Go_forum/main.go:98","msg":"Server exiting"}
{"level":"INFO","time":"2024-04-12T20:29:33.468+0800","caller":"Go_forum/main.go:89","msg":"Shutdown Server ..."}
{"level":"INFO","time":"2024-04-12T20:29:33.476+0800","caller":"Go_forum/main.go:98","msg":"Server exiting"}
{"level":"INFO","time":"2024-04-12T20:32:21.985+0800","caller":"Go_forum/main.go:89","msg":"Shutdown Server ..."}
{"level":"INFO","time":"2024-04-12T20:32:21.994+0800","caller":"Go_forum/main.go:98","msg":"Server exiting"}
{"level":"INFO","time":"2024-04-12T20:32:27.967+0800","caller":"logger/logger.go:83","msg":"/api/v1/post/35356288007278592","status":200,"method":"GET","path":"/api/v1/post/35356288007278592","query":"","ip":"::1","user-agent":"PostmanRuntime/7.37.3","errors":"","cost":0.0007359}
{"level":"INFO","time":"2024-04-12T20:32:48.446+0800","caller":"logger/logger.go:83","msg":"/api/v1/login","status":200,"method":"POST","path":"/api/v1/login","query":"","ip":"::1","user-agent":"PostmanRuntime/7.37.3","errors":"","cost":0.011962}
{"level":"INFO","time":"2024-04-12T20:32:58.016+0800","caller":"logger/logger.go:83","msg":"/api/v1/post/35356288007278592","status":200,"method":"GET","path":"/api/v1/post/35356288007278592","query":"","ip":"::1","user-agent":"PostmanRuntime/7.37.3","errors":"","cost":0.0077659}
{"level":"INFO","time":"2024-04-12T23:01:14.557+0800","caller":"Go_forum/main.go:89","msg":"Shutdown Server ..."}
{"level":"INFO","time":"2024-04-12T23:01:14.557+0800","caller":"Go_forum/main.go:98","msg":"Server exiting"}
{"level":"INFO","time":"2024-04-13T22:06:11.096+0800","caller":"logger/logger.go:83","msg":"/api/v1/post","status":200,"method":"GET","path":"/api/v1/post","query":"","ip":"::1","user-agent":"PostmanRuntime/7.37.3","errors":"","cost":0.0005169}
{"level":"INFO","time":"2024-04-13T22:06:23.284+0800","caller":"logger/logger.go:83","msg":"/api/v1/post","status":200,"method":"GET","path":"/api/v1/post","query":"","ip":"::1","user-agent":"PostmanRuntime/7.37.3","errors":"","cost":0.0003612}
{"level":"INFO","time":"2024-04-13T22:06:27.434+0800","caller":"logger/logger.go:83","msg":"/api/v1/login","status":200,"method":"POST","path":"/api/v1/login","query":"","ip":"::1","user-agent":"PostmanRuntime/7.37.3","errors":"","cost":0.0141824}
{"level":"INFO","time":"2024-04-13T22:06:37.408+0800","caller":"logger/logger.go:83","msg":"/api/v1/post","status":200,"method":"GET","path":"/api/v1/post","query":"","ip":"::1","user-agent":"PostmanRuntime/7.37.3","errors":"","cost":0.0201285}
{"level":"INFO","time":"2024-04-13T22:10:30.822+0800","caller":"logger/logger.go:83","msg":"/api/v1/post","status":200,"method":"POST","path":"/api/v1/post","query":"","ip":"::1","user-agent":"PostmanRuntime/7.37.3","errors":"","cost":0.0008859}
{"level":"INFO","time":"2024-04-13T22:10:38.724+0800","caller":"logger/logger.go:83","msg":"/api/v1/post","status":200,"method":"POST","path":"/api/v1/post","query":"","ip":"::1","user-agent":"PostmanRuntime/7.37.3","errors":"","cost":0.0042103}
{"level":"INFO","time":"2024-04-13T22:11:20.041+0800","caller":"logger/logger.go:83","msg":"/api/v1/post","status":200,"method":"GET","path":"/api/v1/post","query":"","ip":"::1","user-agent":"PostmanRuntime/7.37.3","errors":"","cost":0.0043692}
{"level":"INFO","time":"2024-04-13T22:11:31.373+0800","caller":"logger/logger.go:83","msg":"/api/v1/post","status":200,"method":"GET","path":"/api/v1/post","query":"","ip":"::1","user-agent":"PostmanRuntime/7.37.3","errors":"","cost":0.0045503}
{"level":"INFO","time":"2024-04-13T22:24:31.239+0800","caller":"Go_forum/main.go:89","msg":"Shutdown Server ..."}
{"level":"INFO","time":"2024-04-13T22:24:31.240+0800","caller":"Go_forum/main.go:98","msg":"Server exiting"}
{"level":"INFO","time":"2024-04-13T22:24:46.539+0800","caller":"logger/logger.go:83","msg":"/api/v1/post","status":200,"method":"GET","path":"/api/v1/post","query":"","ip":"::1","user-agent":"PostmanRuntime/7.37.3","errors":"","cost":0.0065884}
{"level":"INFO","time":"2024-04-13T22:25:09.108+0800","caller":"logger/logger.go:83","msg":"/api/v1/post","status":200,"method":"GET","path":"/api/v1/post","query":"size=1&page=3","ip":"::1","user-agent":"PostmanRuntime/7.37.3","errors":"","cost":0.0037095}
{"level":"INFO","time":"2024-04-13T22:40:33.699+0800","caller":"Go_forum/main.go:89","msg":"Shutdown Server ..."}
{"level":"INFO","time":"2024-04-13T22:40:33.700+0800","caller":"Go_forum/main.go:98","msg":"Server exiting"}
{"level":"INFO","time":"2024-04-16T21:45:12.022+0800","caller":"logger/logger.go:83","msg":"/api/v1/vote","status":200,"method":"POST","path":"/api/v1/vote","query":"","ip":"::1","user-agent":"PostmanRuntime/7.37.3","errors":"","cost":0.0005213}
{"level":"INFO","time":"2024-04-16T21:45:38.650+0800","caller":"logger/logger.go:83","msg":"/api/v1/login","status":200,"method":"POST","path":"/api/v1/login","query":"","ip":"::1","user-agent":"PostmanRuntime/7.37.3","errors":"","cost":0.0246859}
{"level":"ERROR","time":"2024-04-16T21:45:56.206+0800","caller":"controllers/vote.go:21","msg":"PostVote参数有误Key: 'VoteData.yes_no' Error:Field validation for 'yes_no' failed on the 'oneof' tag"}
{"level":"INFO","time":"2024-04-16T21:45:56.206+0800","caller":"logger/logger.go:83","msg":"/api/v1/vote","status":200,"method":"POST","path":"/api/v1/vote","query":"","ip":"::1","user-agent":"PostmanRuntime/7.37.3","errors":"","cost":0.0008737}
{"level":"INFO","time":"2024-04-16T21:46:36.419+0800","caller":"Go_forum/main.go:89","msg":"Shutdown Server ..."}
{"level":"INFO","time":"2024-04-16T21:46:36.419+0800","caller":"Go_forum/main.go:98","msg":"Server exiting"}
{"level":"ERROR","time":"2024-04-16T21:46:44.753+0800","caller":"controllers/vote.go:21","msg":"PostVote参数有误Key: 'VoteData.yes_no' Error:Field validation for 'yes_no' failed on the 'oneof' tag"}
{"level":"INFO","time":"2024-04-16T21:46:44.761+0800","caller":"logger/logger.go:83","msg":"/api/v1/vote","status":200,"method":"POST","path":"/api/v1/vote","query":"","ip":"::1","user-agent":"PostmanRuntime/7.37.3","errors":"","cost":0.0077326}
{"level":"INFO","time":"2024-04-17T01:19:13.376+0800","caller":"Go_forum/main.go:89","msg":"Shutdown Server ..."}
{"level":"INFO","time":"2024-04-17T01:19:13.377+0800","caller":"Go_forum/main.go:98","msg":"Server exiting"}
{"level":"INFO","time":"2024-04-17T01:21:01.262+0800","caller":"logger/logger.go:83","msg":"/api/v1/post","status":200,"method":"POST","path":"/api/v1/post","query":"","ip":"::1","user-agent":"PostmanRuntime/7.37.3","errors":"","cost":0.0003465}
{"level":"INFO","time":"2024-04-17T01:21:14.435+0800","caller":"logger/logger.go:83","msg":"/api/v1/post","status":200,"method":"POST","path":"/api/v1/post","query":"","ip":"::1","user-agent":"PostmanRuntime/7.37.3","errors":"","cost":0.0002445}
{"level":"INFO","time":"2024-04-17T01:21:17.616+0800","caller":"logger/logger.go:83","msg":"/api/v1/login","status":200,"method":"POST","path":"/api/v1/login","query":"","ip":"::1","user-agent":"PostmanRuntime/7.37.3","errors":"","cost":0.0018967}
{"level":"INFO","time":"2024-04-17T01:22:18.102+0800","caller":"logger/logger.go:83","msg":"/api/v1/post","status":200,"method":"POST","path":"/api/v1/post","query":"","ip":"::1","user-agent":"PostmanRuntime/7.37.3","errors":"","cost":0.0189382}
{"level":"INFO","time":"2024-04-17T01:22:37.858+0800","caller":"logger/logger.go:83","msg":"/api/v1/post","status":200,"method":"GET","path":"/api/v1/post","query":"","ip":"::1","user-agent":"PostmanRuntime/7.37.3","errors":"","cost":0.0002458}
{"level":"INFO","time":"2024-04-17T01:22:44.515+0800","caller":"logger/logger.go:83","msg":"/api/v1/post","status":200,"method":"GET","path":"/api/v1/post","query":"","ip":"::1","user-agent":"PostmanRuntime/7.37.3","errors":"","cost":0.0172141}
{"level":"INFO","time":"2024-04-17T01:23:34.871+0800","caller":"logger/logger.go:83","msg":"/api/v1/vote","status":200,"method":"POST","path":"/api/v1/vote","query":"","ip":"::1","user-agent":"PostmanRuntime/7.37.3","errors":"","cost":0.0013263}
{"level":"INFO","time":"2024-04-17T01:27:11.328+0800","caller":"logger/logger.go:83","msg":"/api/v1/vote","status":200,"method":"POST","path":"/api/v1/vote","query":"","ip":"::1","user-agent":"PostmanRuntime/7.37.3","errors":"","cost":0.0012983}
{"level":"INFO","time":"2024-04-17T01:27:12.058+0800","caller":"logger/logger.go:83","msg":"/api/v1/vote","status":200,"method":"POST","path":"/api/v1/vote","query":"","ip":"::1","user-agent":"PostmanRuntime/7.37.3","errors":"","cost":0.001452}
{"level":"INFO","time":"2024-04-17T01:27:12.641+0800","caller":"logger/logger.go:83","msg":"/api/v1/vote","status":200,"method":"POST","path":"/api/v1/vote","query":"","ip":"::1","user-agent":"PostmanRuntime/7.37.3","errors":"","cost":0.0013106}
{"level":"ERROR","time":"2024-04-17T01:30:43.026+0800","caller":"logger/logger.go:125","msg":"[Recovery from panic]","error":"runtime error: invalid memory address or nil pointer dereference","request":"POST /api/v1/vote HTTP/1.1\r\nHost: localhost:8080\r\nAccept: */*\r\nAccept-Encoding: gzip, deflate, br\r\nAuthorization: Bearer eyJhbGciOiJIUzI1NiIsInR5cCI6IkpXVCJ9.eyJleHAiOjE3MTMzNzQ0NzcsImlzcyI6IldoaXRlRmxvd2VyR2lybCIsInVzZXJuYW1lIjoiRUVib25kIiwidXNlcl9pZCI6MjgwNTQ4NTUwODM4ODg2NDB9.p4uxIAfcxqLc1P7ap3UJun5DVesUZfRuf-qf5fHDLsE\r\nConnection: keep-alive\r\nContent-Length: 56\r\nContent-Type: application/json\r\nPostman-Token: 386ee78e-175e-4670-9ef9-7f0864aa2855\r\nUser-Agent: PostmanRuntime/7.37.3\r\n\r\n","stack":"goroutine 52 [running]:\nruntime/debug.Stack()\n\tE:/Go/SDK/go1.20.11.windows-amd64/src/runtime/debug/stack.go:24 +0x65\nGo_forum/logger.GinRecovery.func1.1()\n\tE:/Go_Projects/Go_forum/logger/logger.go:128 +0x2cc\npanic({0x740380, 0xd3a360})\n\tE:/Go/SDK/go1.20.11.windows-amd64/src/runtime/panic.go:884 +0x213\nGo_forum/logic.PostVote(0xc000026228)\n\tE:/Go_Projects/Go_forum/logic/vote.go:37 +0xef\nGo_forum/controllers.PostVoteHandler(0xc000504300)\n\tE:/Go_Projects/Go_forum/controllers/vote.go:33 +0x25f\ngithub.com/gin-gonic/gin.(*Context).Next(...)\n\tE:/Go/Path/pkg/mod/github.com/gin-gonic/gin@v1.9.1/context.go:174\nGo_forum/middlewares.JWTAuthMiddleware.func1(0xc000504300)\n\tE:/Go_Projects/Go_forum/middlewares/jwt.go:39 +0x30a\ngithub.com/gin-gonic/gin.(*Context).Next(...)\n\tE:/Go/Path/pkg/mod/github.com/gin-gonic/gin@v1.9.1/context.go:174\nGo_forum/logger.GinRecovery.func1(0xc000504300)\n\tE:/Go_Projects/Go_forum/logger/logger.go:139 +0x76\ngithub.com/gin-gonic/gin.(*Context).Next(...)\n\tE:/Go/Path/pkg/mod/github.com/gin-gonic/gin@v1.9.1/context.go:174\nGo_forum/logger.GinLogger.func1(0xc000504300)\n\tE:/Go_Projects/Go_forum/logger/logger.go:80 +0x9d\ngithub.com/gin-gonic/gin.(*Context).Next(...)\n\tE:/Go/Path/pkg/mod/github.com/gin-gonic/gin@v1.9.1/context.go:174\ngithub.com/gin-gonic/gin.(*Engine).handleHTTPRequest(0xc0000851e0, 0xc000504300)\n\tE:/Go/Path/pkg/mod/github.com/gin-gonic/gin@v1.9.1/gin.go:620 +0x66b\ngithub.com/gin-gonic/gin.(*Engine).ServeHTTP(0xc0000851e0, {0x902d80?, 0xc0001962a0}, 0xc000504200)\n\tE:/Go/Path/pkg/mod/github.com/gin-gonic/gin@v1.9.1/gin.go:576 +0x1dd\nnet/http.serverHandler.ServeHTTP({0x9012b8?}, {0x902d80, 0xc0001962a0}, 0xc000504200)\n\tE:/Go/SDK/go1.20.11.windows-amd64/src/net/http/server.go:2936 +0x316\nnet/http.(*conn).serve(0xc000518000, {0x9034d8, 0xc0006121b0})\n\tE:/Go/SDK/go1.20.11.windows-amd64/src/net/http/server.go:1995 +0x612\ncreated by net/http.(*Server).Serve\n\tE:/Go/SDK/go1.20.11.windows-amd64/src/net/http/server.go:3089 +0x5ed\n"}
{"level":"INFO","time":"2024-04-17T01:30:43.027+0800","caller":"logger/logger.go:83","msg":"/api/v1/vote","status":500,"method":"POST","path":"/api/v1/vote","query":"","ip":"::1","user-agent":"PostmanRuntime/7.37.3","errors":"","cost":0.0023823}
{"level":"ERROR","time":"2024-04-17T01:30:43.728+0800","caller":"logger/logger.go:125","msg":"[Recovery from panic]","error":"runtime error: invalid memory address or nil pointer dereference","request":"POST /api/v1/vote HTTP/1.1\r\nHost: localhost:8080\r\nAccept: */*\r\nAccept-Encoding: gzip, deflate, br\r\nAuthorization: Bearer eyJhbGciOiJIUzI1NiIsInR5cCI6IkpXVCJ9.eyJleHAiOjE3MTMzNzQ0NzcsImlzcyI6IldoaXRlRmxvd2VyR2lybCIsInVzZXJuYW1lIjoiRUVib25kIiwidXNlcl9pZCI6MjgwNTQ4NTUwODM4ODg2NDB9.p4uxIAfcxqLc1P7ap3UJun5DVesUZfRuf-qf5fHDLsE\r\nConnection: keep-alive\r\nContent-Length: 56\r\nContent-Type: application/json\r\nPostman-Token: bea0de4c-6d8b-4482-bad2-0115f038e819\r\nUser-Agent: PostmanRuntime/7.37.3\r\n\r\n","stack":"goroutine 52 [running]:\nruntime/debug.Stack()\n\tE:/Go/SDK/go1.20.11.windows-amd64/src/runtime/debug/stack.go:24 +0x65\nGo_forum/logger.GinRecovery.func1.1()\n\tE:/Go_Projects/Go_forum/logger/logger.go:128 +0x2cc\npanic({0x740380, 0xd3a360})\n\tE:/Go/SDK/go1.20.11.windows-amd64/src/runtime/panic.go:884 +0x213\nGo_forum/logic.PostVote(0xc000026480)\n\tE:/Go_Projects/Go_forum/logic/vote.go:37 +0xef\nGo_forum/controllers.PostVoteHandler(0xc000504300)\n\tE:/Go_Projects/Go_forum/controllers/vote.go:33 +0x25f\ngithub.com/gin-gonic/gin.(*Context).Next(...)\n\tE:/Go/Path/pkg/mod/github.com/gin-gonic/gin@v1.9.1/context.go:174\nGo_forum/middlewares.JWTAuthMiddleware.func1(0xc000504300)\n\tE:/Go_Projects/Go_forum/middlewares/jwt.go:39 +0x30a\ngithub.com/gin-gonic/gin.(*Context).Next(...)\n\tE:/Go/Path/pkg/mod/github.com/gin-gonic/gin@v1.9.1/context.go:174\nGo_forum/logger.GinRecovery.func1(0xc000504300)\n\tE:/Go_Projects/Go_forum/logger/logger.go:139 +0x76\ngithub.com/gin-gonic/gin.(*Context).Next(...)\n\tE:/Go/Path/pkg/mod/github.com/gin-gonic/gin@v1.9.1/context.go:174\nGo_forum/logger.GinLogger.func1(0xc000504300)\n\tE:/Go_Projects/Go_forum/logger/logger.go:80 +0x9d\ngithub.com/gin-gonic/gin.(*Context).Next(...)\n\tE:/Go/Path/pkg/mod/github.com/gin-gonic/gin@v1.9.1/context.go:174\ngithub.com/gin-gonic/gin.(*Engine).handleHTTPRequest(0xc0000851e0, 0xc000504300)\n\tE:/Go/Path/pkg/mod/github.com/gin-gonic/gin@v1.9.1/gin.go:620 +0x66b\ngithub.com/gin-gonic/gin.(*Engine).ServeHTTP(0xc0000851e0, {0x902d80?, 0xc000196540}, 0xc000504500)\n\tE:/Go/Path/pkg/mod/github.com/gin-gonic/gin@v1.9.1/gin.go:576 +0x1dd\nnet/http.serverHandler.ServeHTTP({0x9012b8?}, {0x902d80, 0xc000196540}, 0xc000504500)\n\tE:/Go/SDK/go1.20.11.windows-amd64/src/net/http/server.go:2936 +0x316\nnet/http.(*conn).serve(0xc000518000, {0x9034d8, 0xc0006121b0})\n\tE:/Go/SDK/go1.20.11.windows-amd64/src/net/http/server.go:1995 +0x612\ncreated by net/http.(*Server).Serve\n\tE:/Go/SDK/go1.20.11.windows-amd64/src/net/http/server.go:3089 +0x5ed\n"}
{"level":"INFO","time":"2024-04-17T01:30:43.729+0800","caller":"logger/logger.go:83","msg":"/api/v1/vote","status":500,"method":"POST","path":"/api/v1/vote","query":"","ip":"::1","user-agent":"PostmanRuntime/7.37.3","errors":"","cost":0.0014366}
{"level":"INFO","time":"2024-04-17T01:30:59.303+0800","caller":"Go_forum/main.go:89","msg":"Shutdown Server ..."}
{"level":"INFO","time":"2024-04-17T01:30:59.303+0800","caller":"Go_forum/main.go:98","msg":"Server exiting"}
{"level":"ERROR","time":"2024-04-17T01:31:13.477+0800","caller":"logger/logger.go:125","msg":"[Recovery from panic]","error":"runtime error: invalid memory address or nil pointer dereference","request":"POST /api/v1/vote HTTP/1.1\r\nHost: localhost:8080\r\nAccept: */*\r\nAccept-Encoding: gzip, deflate, br\r\nAuthorization: Bearer eyJhbGciOiJIUzI1NiIsInR5cCI6IkpXVCJ9.eyJleHAiOjE3MTMzNzQ0NzcsImlzcyI6IldoaXRlRmxvd2VyR2lybCIsInVzZXJuYW1lIjoiRUVib25kIiwidXNlcl9pZCI6MjgwNTQ4NTUwODM4ODg2NDB9.p4uxIAfcxqLc1P7ap3UJun5DVesUZfRuf-qf5fHDLsE\r\nConnection: keep-alive\r\nContent-Length: 56\r\nContent-Type: application/json\r\nPostman-Token: 357a1c39-32a6-4614-bee8-f9fae7db937d\r\nUser-Agent: PostmanRuntime/7.37.3\r\n\r\n","stack":"goroutine 42 [running]:\nruntime/debug.Stack()\n\tE:/Go/SDK/go1.20.11.windows-amd64/src/runtime/debug/stack.go:24 +0x65\nGo_forum/logger.GinRecovery.func1.1()\n\tE:/Go_Projects/Go_forum/logger/logger.go:128 +0x2cc\npanic({0xdb0380, 0x13aa360})\n\tE:/Go/SDK/go1.20.11.windows-amd64/src/runtime/panic.go:884 +0x213\nGo_forum/logic.PostVote(0xc000610090)\n\tE:/Go_Projects/Go_forum/logic/vote.go:37 +0xef\nGo_forum/controllers.PostVoteHandler(0xc0001ce100)\n\tE:/Go_Projects/Go_forum/controllers/vote.go:33 +0x25f\ngithub.com/gin-gonic/gin.(*Context).Next(...)\n\tE:/Go/Path/pkg/mod/github.com/gin-gonic/gin@v1.9.1/context.go:174\nGo_forum/middlewares.JWTAuthMiddleware.func1(0xc0001ce100)\n\tE:/Go_Projects/Go_forum/middlewares/jwt.go:39 +0x30a\ngithub.com/gin-gonic/gin.(*Context).Next(...)\n\tE:/Go/Path/pkg/mod/github.com/gin-gonic/gin@v1.9.1/context.go:174\nGo_forum/logger.GinRecovery.func1(0xc0001ce100)\n\tE:/Go_Projects/Go_forum/logger/logger.go:139 +0x76\ngithub.com/gin-gonic/gin.(*Context).Next(...)\n\tE:/Go/Path/pkg/mod/github.com/gin-gonic/gin@v1.9.1/context.go:174\nGo_forum/logger.GinLogger.func1(0xc0001ce100)\n\tE:/Go_Projects/Go_forum/logger/logger.go:80 +0x9d\ngithub.com/gin-gonic/gin.(*Context).Next(...)\n\tE:/Go/Path/pkg/mod/github.com/gin-gonic/gin@v1.9.1/context.go:174\ngithub.com/gin-gonic/gin.(*Engine).handleHTTPRequest(0xc0005049c0, 0xc0001ce100)\n\tE:/Go/Path/pkg/mod/github.com/gin-gonic/gin@v1.9.1/gin.go:620 +0x66b\ngithub.com/gin-gonic/gin.(*Engine).ServeHTTP(0xc0005049c0, {0xf72d80?, 0xc000014000}, 0xc0001ce000)\n\tE:/Go/Path/pkg/mod/github.com/gin-gonic/gin@v1.9.1/gin.go:576 +0x1dd\nnet/http.serverHandler.ServeHTTP({0xf712b8?}, {0xf72d80, 0xc000014000}, 0xc0001ce000)\n\tE:/Go/SDK/go1.20.11.windows-amd64/src/net/http/server.go:2936 +0x316\nnet/http.(*conn).serve(0xc00014c2d0, {0xf734d8, 0xc00031a2d0})\n\tE:/Go/SDK/go1.20.11.windows-amd64/src/net/http/server.go:1995 +0x612\ncreated by net/http.(*Server).Serve\n\tE:/Go/SDK/go1.20.11.windows-amd64/src/net/http/server.go:3089 +0x5ed\n"}
{"level":"INFO","time":"2024-04-17T01:31:13.485+0800","caller":"logger/logger.go:83","msg":"/api/v1/vote","status":500,"method":"POST","path":"/api/v1/vote","query":"","ip":"::1","user-agent":"PostmanRuntime/7.37.3","errors":"","cost":0.0082787}
{"level":"ERROR","time":"2024-04-17T01:35:39.097+0800","caller":"logger/logger.go:125","msg":"[Recovery from panic]","error":"runtime error: invalid memory address or nil pointer dereference","request":"POST /api/v1/vote HTTP/1.1\r\nHost: localhost:8080\r\nAccept: */*\r\nAccept-Encoding: gzip, deflate, br\r\nAuthorization: Bearer eyJhbGciOiJIUzI1NiIsInR5cCI6IkpXVCJ9.eyJleHAiOjE3MTMzNzQ0NzcsImlzcyI6IldoaXRlRmxvd2VyR2lybCIsInVzZXJuYW1lIjoiRUVib25kIiwidXNlcl9pZCI6MjgwNTQ4NTUwODM4ODg2NDB9.p4uxIAfcxqLc1P7ap3UJun5DVesUZfRuf-qf5fHDLsE\r\nConnection: keep-alive\r\nContent-Length: 56\r\nContent-Type: application/json\r\nPostman-Token: 06f674a3-6c5f-4ead-a3ab-d8bb6d326684\r\nUser-Agent: PostmanRuntime/7.37.3\r\n\r\n","stack":"goroutine 42 [running]:\nruntime/debug.Stack()\n\tE:/Go/SDK/go1.20.11.windows-amd64/src/runtime/debug/stack.go:24 +0x65\nGo_forum/logger.GinRecovery.func1.1()\n\tE:/Go_Projects/Go_forum/logger/logger.go:128 +0x2cc\npanic({0xdb0380, 0x13aa360})\n\tE:/Go/SDK/go1.20.11.windows-amd64/src/runtime/panic.go:884 +0x213\nGo_forum/logic.PostVote(0xc000610090)\n\tE:/Go_Projects/Go_forum/logic/vote.go:37 +0xef\nGo_forum/controllers.PostVoteHandler(0xc0001ce300)\n\tE:/Go_Projects/Go_forum/controllers/vote.go:33 +0x25f\ngithub.com/gin-gonic/gin.(*Context).Next(...)\n\tE:/Go/Path/pkg/mod/github.com/gin-gonic/gin@v1.9.1/context.go:174\nGo_forum/middlewares.JWTAuthMiddleware.func1(0xc0001ce300)\n\tE:/Go_Projects/Go_forum/middlewares/jwt.go:39 +0x30a\ngithub.com/gin-gonic/gin.(*Context).Next(...)\n\tE:/Go/Path/pkg/mod/github.com/gin-gonic/gin@v1.9.1/context.go:174\nGo_forum/logger.GinRecovery.func1(0xc0001ce300)\n\tE:/Go_Projects/Go_forum/logger/logger.go:139 +0x76\ngithub.com/gin-gonic/gin.(*Context).Next(...)\n\tE:/Go/Path/pkg/mod/github.com/gin-gonic/gin@v1.9.1/context.go:174\nGo_forum/logger.GinLogger.func1(0xc0001ce300)\n\tE:/Go_Projects/Go_forum/logger/logger.go:80 +0x9d\ngithub.com/gin-gonic/gin.(*Context).Next(...)\n\tE:/Go/Path/pkg/mod/github.com/gin-gonic/gin@v1.9.1/context.go:174\ngithub.com/gin-gonic/gin.(*Engine).handleHTTPRequest(0xc0005049c0, 0xc0001ce300)\n\tE:/Go/Path/pkg/mod/github.com/gin-gonic/gin@v1.9.1/gin.go:620 +0x66b\ngithub.com/gin-gonic/gin.(*Engine).ServeHTTP(0xc0005049c0, {0xf72d80?, 0xc0000140e0}, 0xc0001ce200)\n\tE:/Go/Path/pkg/mod/github.com/gin-gonic/gin@v1.9.1/gin.go:576 +0x1dd\nnet/http.serverHandler.ServeHTTP({0xf712b8?}, {0xf72d80, 0xc0000140e0}, 0xc0001ce200)\n\tE:/Go/SDK/go1.20.11.windows-amd64/src/net/http/server.go:2936 +0x316\nnet/http.(*conn).serve(0xc00014c2d0, {0xf734d8, 0xc00031a2d0})\n\tE:/Go/SDK/go1.20.11.windows-amd64/src/net/http/server.go:1995 +0x612\ncreated by net/http.(*Server).Serve\n\tE:/Go/SDK/go1.20.11.windows-amd64/src/net/http/server.go:3089 +0x5ed\n"}
{"level":"INFO","time":"2024-04-17T01:35:39.099+0800","caller":"logger/logger.go:83","msg":"/api/v1/vote","status":500,"method":"POST","path":"/api/v1/vote","query":"","ip":"::1","user-agent":"PostmanRuntime/7.37.3","errors":"","cost":0.0029329}
{"level":"INFO","time":"2024-04-17T01:36:00.083+0800","caller":"Go_forum/main.go:89","msg":"Shutdown Server ..."}
{"level":"INFO","time":"2024-04-17T01:36:00.083+0800","caller":"Go_forum/main.go:98","msg":"Server exiting"}
{"level":"ERROR","time":"2024-04-17T01:36:17.366+0800","caller":"logger/logger.go:125","msg":"[Recovery from panic]","error":"runtime error: invalid memory address or nil pointer dereference","request":"POST /api/v1/vote HTTP/1.1\r\nHost: localhost:8080\r\nAccept: */*\r\nAccept-Encoding: gzip, deflate, br\r\nAuthorization: Bearer eyJhbGciOiJIUzI1NiIsInR5cCI6IkpXVCJ9.eyJleHAiOjE3MTMzNzQ0NzcsImlzcyI6IldoaXRlRmxvd2VyR2lybCIsInVzZXJuYW1lIjoiRUVib25kIiwidXNlcl9pZCI6MjgwNTQ4NTUwODM4ODg2NDB9.p4uxIAfcxqLc1P7ap3UJun5DVesUZfRuf-qf5fHDLsE\r\nConnection: keep-alive\r\nContent-Length: 56\r\nContent-Type: application/json\r\nPostman-Token: 5a6cc471-c0db-431e-bdc6-d668ec08c147\r\nUser-Agent: PostmanRuntime/7.37.3\r\n\r\n","stack":"goroutine 54 [running]:\nruntime/debug.Stack()\n\tE:/Go/SDK/go1.20.11.windows-amd64/src/runtime/debug/stack.go:24 +0x65\nGo_forum/logger.GinRecovery.func1.1()\n\tE:/Go_Projects/Go_forum/logger/logger.go:128 +0x2cc\npanic({0x1290380, 0x188a360})\n\tE:/Go/SDK/go1.20.11.windows-amd64/src/runtime/panic.go:884 +0x213\nGo_forum/logic.PostVote(0xc0000261f8)\n\tE:/Go_Projects/Go_forum/logic/vote.go:37 +0xef\nGo_forum/controllers.PostVoteHandler(0xc000070000)\n\tE:/Go_Projects/Go_forum/controllers/vote.go:33 +0x25f\ngithub.com/gin-gonic/gin.(*Context).Next(...)\n\tE:/Go/Path/pkg/mod/github.com/gin-gonic/gin@v1.9.1/context.go:174\nGo_forum/middlewares.JWTAuthMiddleware.func1(0xc000070000)\n\tE:/Go_Projects/Go_forum/middlewares/jwt.go:39 +0x30a\ngithub.com/gin-gonic/gin.(*Context).Next(...)\n\tE:/Go/Path/pkg/mod/github.com/gin-gonic/gin@v1.9.1/context.go:174\nGo_forum/logger.GinRecovery.func1(0xc000070000)\n\tE:/Go_Projects/Go_forum/logger/logger.go:139 +0x76\ngithub.com/gin-gonic/gin.(*Context).Next(...)\n\tE:/Go/Path/pkg/mod/github.com/gin-gonic/gin@v1.9.1/context.go:174\nGo_forum/logger.GinLogger.func1(0xc000070000)\n\tE:/Go_Projects/Go_forum/logger/logger.go:80 +0x9d\ngithub.com/gin-gonic/gin.(*Context).Next(...)\n\tE:/Go/Path/pkg/mod/github.com/gin-gonic/gin@v1.9.1/context.go:174\ngithub.com/gin-gonic/gin.(*Engine).handleHTTPRequest(0xc000085040, 0xc000070000)\n\tE:/Go/Path/pkg/mod/github.com/gin-gonic/gin@v1.9.1/gin.go:620 +0x66b\ngithub.com/gin-gonic/gin.(*Engine).ServeHTTP(0xc000085040, {0x1452d80?, 0xc000018000}, 0xc000492200)\n\tE:/Go/Path/pkg/mod/github.com/gin-gonic/gin@v1.9.1/gin.go:576 +0x1dd\nnet/http.serverHandler.ServeHTTP({0x14512b8?}, {0x1452d80, 0xc000018000}, 0xc000492200)\n\tE:/Go/SDK/go1.20.11.windows-amd64/src/net/http/server.go:2936 +0x316\nnet/http.(*conn).serve(0xc0004a6000, {0x14534d8, 0xc0001d2210})\n\tE:/Go/SDK/go1.20.11.windows-amd64/src/net/http/server.go:1995 +0x612\ncreated by net/http.(*Server).Serve\n\tE:/Go/SDK/go1.20.11.windows-amd64/src/net/http/server.go:3089 +0x5ed\n"}
{"level":"INFO","time":"2024-04-17T01:36:17.374+0800","caller":"logger/logger.go:83","msg":"/api/v1/vote","status":500,"method":"POST","path":"/api/v1/vote","query":"","ip":"::1","user-agent":"PostmanRuntime/7.37.3","errors":"","cost":0.0085742}
{"level":"INFO","time":"2024-04-17T01:36:30.177+0800","caller":"logger/logger.go:83","msg":"/api/v1/login","status":200,"method":"POST","path":"/api/v1/login","query":"","ip":"::1","user-agent":"PostmanRuntime/7.37.3","errors":"","cost":0.002}
{"level":"INFO","time":"2024-04-17T01:36:45.755+0800","caller":"logger/logger.go:83","msg":"/api/v1/post","status":200,"method":"GET","path":"/api/v1/post","query":"","ip":"::1","user-agent":"PostmanRuntime/7.37.3","errors":"","cost":0.0080849}
{"level":"ERROR","time":"2024-04-17T01:36:53.920+0800","caller":"logger/logger.go:125","msg":"[Recovery from panic]","error":"runtime error: invalid memory address or nil pointer dereference","request":"POST /api/v1/vote HTTP/1.1\r\nHost: localhost:8080\r\nAccept: */*\r\nAccept-Encoding: gzip, deflate, br\r\nAuthorization: Bearer eyJhbGciOiJIUzI1NiIsInR5cCI6IkpXVCJ9.eyJleHAiOjE3MTMzNzQ0NzcsImlzcyI6IldoaXRlRmxvd2VyR2lybCIsInVzZXJuYW1lIjoiRUVib25kIiwidXNlcl9pZCI6MjgwNTQ4NTUwODM4ODg2NDB9.p4uxIAfcxqLc1P7ap3UJun5DVesUZfRuf-qf5fHDLsE\r\nConnection: keep-alive\r\nContent-Length: 56\r\nContent-Type: application/json\r\nPostman-Token: 4addb24f-ffdd-4988-8eeb-b1c0f3bfd26e\r\nUser-Agent: PostmanRuntime/7.37.3\r\n\r\n","stack":"goroutine 54 [running]:\nruntime/debug.Stack()\n\tE:/Go/SDK/go1.20.11.windows-amd64/src/runtime/debug/stack.go:24 +0x65\nGo_forum/logger.GinRecovery.func1.1()\n\tE:/Go_Projects/Go_forum/logger/logger.go:128 +0x2cc\npanic({0x1290380, 0x188a360})\n\tE:/Go/SDK/go1.20.11.windows-amd64/src/runtime/panic.go:884 +0x213\nGo_forum/logic.PostVote(0xc0002dafd8)\n\tE:/Go_Projects/Go_forum/logic/vote.go:37 +0xef\nGo_forum/controllers.PostVoteHandler(0xc000070000)\n\tE:/Go_Projects/Go_forum/controllers/vote.go:33 +0x25f\ngithub.com/gin-gonic/gin.(*Context).Next(...)\n\tE:/Go/Path/pkg/mod/github.com/gin-gonic/gin@v1.9.1/context.go:174\nGo_forum/middlewares.JWTAuthMiddleware.func1(0xc000070000)\n\tE:/Go_Projects/Go_forum/middlewares/jwt.go:39 +0x30a\ngithub.com/gin-gonic/gin.(*Context).Next(...)\n\tE:/Go/Path/pkg/mod/github.com/gin-gonic/gin@v1.9.1/context.go:174\nGo_forum/logger.GinRecovery.func1(0xc000070000)\n\tE:/Go_Projects/Go_forum/logger/logger.go:139 +0x76\ngithub.com/gin-gonic/gin.(*Context).Next(...)\n\tE:/Go/Path/pkg/mod/github.com/gin-gonic/gin@v1.9.1/context.go:174\nGo_forum/logger.GinLogger.func1(0xc000070000)\n\tE:/Go_Projects/Go_forum/logger/logger.go:80 +0x9d\ngithub.com/gin-gonic/gin.(*Context).Next(...)\n\tE:/Go/Path/pkg/mod/github.com/gin-gonic/gin@v1.9.1/context.go:174\ngithub.com/gin-gonic/gin.(*Engine).handleHTTPRequest(0xc000085040, 0xc000070000)\n\tE:/Go/Path/pkg/mod/github.com/gin-gonic/gin@v1.9.1/gin.go:620 +0x66b\ngithub.com/gin-gonic/gin.(*Engine).ServeHTTP(0xc000085040, {0x1452d80?, 0xc0001962a0}, 0xc000492400)\n\tE:/Go/Path/pkg/mod/github.com/gin-gonic/gin@v1.9.1/gin.go:576 +0x1dd\nnet/http.serverHandler.ServeHTTP({0x14512b8?}, {0x1452d80, 0xc0001962a0}, 0xc000492400)\n\tE:/Go/SDK/go1.20.11.windows-amd64/src/net/http/server.go:2936 +0x316\nnet/http.(*conn).serve(0xc0004a6000, {0x14534d8, 0xc0001d2210})\n\tE:/Go/SDK/go1.20.11.windows-amd64/src/net/http/server.go:1995 +0x612\ncreated by net/http.(*Server).Serve\n\tE:/Go/SDK/go1.20.11.windows-amd64/src/net/http/server.go:3089 +0x5ed\n"}
{"level":"INFO","time":"2024-04-17T01:36:53.921+0800","caller":"logger/logger.go:83","msg":"/api/v1/vote","status":500,"method":"POST","path":"/api/v1/vote","query":"","ip":"::1","user-agent":"PostmanRuntime/7.37.3","errors":"","cost":0.0014099}
{"level":"ERROR","time":"2024-04-17T01:36:59.242+0800","caller":"logger/logger.go:125","msg":"[Recovery from panic]","error":"runtime error: invalid memory address or nil pointer dereference","request":"POST /api/v1/vote HTTP/1.1\r\nHost: localhost:8080\r\nAccept: */*\r\nAccept-Encoding: gzip, deflate, br\r\nAuthorization: Bearer eyJhbGciOiJIUzI1NiIsInR5cCI6IkpXVCJ9.eyJleHAiOjE3MTMzNzQ0NzcsImlzcyI6IldoaXRlRmxvd2VyR2lybCIsInVzZXJuYW1lIjoiRUVib25kIiwidXNlcl9pZCI6MjgwNTQ4NTUwODM4ODg2NDB9.p4uxIAfcxqLc1P7ap3UJun5DVesUZfRuf-qf5fHDLsE\r\nConnection: keep-alive\r\nContent-Length: 56\r\nContent-Type: application/json\r\nPostman-Token: 1745d568-fd08-41aa-9f85-ff05e80e06c4\r\nUser-Agent: PostmanRuntime/7.37.3\r\n\r\n","stack":"goroutine 54 [running]:\nruntime/debug.Stack()\n\tE:/Go/SDK/go1.20.11.windows-amd64/src/runtime/debug/stack.go:24 +0x65\nGo_forum/logger.GinRecovery.func1.1()\n\tE:/Go_Projects/Go_forum/logger/logger.go:128 +0x2cc\npanic({0x1290380, 0x188a360})\n\tE:/Go/SDK/go1.20.11.windows-amd64/src/runtime/panic.go:884 +0x213\nGo_forum/logic.PostVote(0xc00012cb28)\n\tE:/Go_Projects/Go_forum/logic/vote.go:37 +0xef\nGo_forum/controllers.PostVoteHandler(0xc000070400)\n\tE:/Go_Projects/Go_forum/controllers/vote.go:33 +0x25f\ngithub.com/gin-gonic/gin.(*Context).Next(...)\n\tE:/Go/Path/pkg/mod/github.com/gin-gonic/gin@v1.9.1/context.go:174\nGo_forum/middlewares.JWTAuthMiddleware.func1(0xc000070400)\n\tE:/Go_Projects/Go_forum/middlewares/jwt.go:39 +0x30a\ngithub.com/gin-gonic/gin.(*Context).Next(...)\n\tE:/Go/Path/pkg/mod/github.com/gin-gonic/gin@v1.9.1/context.go:174\nGo_forum/logger.GinRecovery.func1(0xc000070400)\n\tE:/Go_Projects/Go_forum/logger/logger.go:139 +0x76\ngithub.com/gin-gonic/gin.(*Context).Next(...)\n\tE:/Go/Path/pkg/mod/github.com/gin-gonic/gin@v1.9.1/context.go:174\nGo_forum/logger.GinLogger.func1(0xc000070400)\n\tE:/Go_Projects/Go_forum/logger/logger.go:80 +0x9d\ngithub.com/gin-gonic/gin.(*Context).Next(...)\n\tE:/Go/Path/pkg/mod/github.com/gin-gonic/gin@v1.9.1/context.go:174\ngithub.com/gin-gonic/gin.(*Engine).handleHTTPRequest(0xc000085040, 0xc000070400)\n\tE:/Go/Path/pkg/mod/github.com/gin-gonic/gin@v1.9.1/gin.go:620 +0x66b\ngithub.com/gin-gonic/gin.(*Engine).ServeHTTP(0xc000085040, {0x1452d80?, 0xc000018380}, 0xc000070300)\n\tE:/Go/Path/pkg/mod/github.com/gin-gonic/gin@v1.9.1/gin.go:576 +0x1dd\nnet/http.serverHandler.ServeHTTP({0x14512b8?}, {0x1452d80, 0xc000018380}, 0xc000070300)\n\tE:/Go/SDK/go1.20.11.windows-amd64/src/net/http/server.go:2936 +0x316\nnet/http.(*conn).serve(0xc0004a6000, {0x14534d8, 0xc0001d2210})\n\tE:/Go/SDK/go1.20.11.windows-amd64/src/net/http/server.go:1995 +0x612\ncreated by net/http.(*Server).Serve\n\tE:/Go/SDK/go1.20.11.windows-amd64/src/net/http/server.go:3089 +0x5ed\n"}
{"level":"INFO","time":"2024-04-17T01:36:59.242+0800","caller":"logger/logger.go:83","msg":"/api/v1/vote","status":500,"method":"POST","path":"/api/v1/vote","query":"","ip":"::1","user-agent":"PostmanRuntime/7.37.3","errors":"","cost":0.0013261}
{"level":"INFO","time":"2024-04-17T01:37:38.906+0800","caller":"Go_forum/main.go:89","msg":"Shutdown Server ..."}
{"level":"INFO","time":"2024-04-17T01:37:38.906+0800","caller":"Go_forum/main.go:98","msg":"Server exiting"}
{"level":"INFO","time":"2024-04-17T01:38:37.847+0800","caller":"Go_forum/main.go:89","msg":"Shutdown Server ..."}
{"level":"INFO","time":"2024-04-17T01:38:37.855+0800","caller":"Go_forum/main.go:98","msg":"Server exiting"}
{"level":"ERROR","time":"2024-04-17T01:42:40.864+0800","caller":"logger/logger.go:125","msg":"[Recovery from panic]","error":"runtime error: invalid memory address or nil pointer dereference","request":"POST /api/v1/vote HTTP/1.1\r\nHost: localhost:8080\r\nAccept: */*\r\nAccept-Encoding: gzip, deflate, br\r\nAuthorization: Bearer eyJhbGciOiJIUzI1NiIsInR5cCI6IkpXVCJ9.eyJleHAiOjE3MTMzNzQ0NzcsImlzcyI6IldoaXRlRmxvd2VyR2lybCIsInVzZXJuYW1lIjoiRUVib25kIiwidXNlcl9pZCI6MjgwNTQ4NTUwODM4ODg2NDB9.p4uxIAfcxqLc1P7ap3UJun5DVesUZfRuf-qf5fHDLsE\r\nConnection: keep-alive\r\nContent-Length: 56\r\nContent-Type: application/json\r\nPostman-Token: 97bc9194-e4f5-4b2d-ab80-4376e9c7357e\r\nUser-Agent: PostmanRuntime/7.37.3\r\n\r\n","stack":"goroutine 26 [running]:\nruntime/debug.Stack()\n\tE:/Go/SDK/go1.20.11.windows-amd64/src/runtime/debug/stack.go:24 +0x7a\nGo_forum/logger.GinRecovery.func1.1()\n\tE:/Go_Projects/Go_forum/logger/logger.go:128 +0x789\npanic({0xfd4300, 0x1510380})\n\tE:/Go/SDK/go1.20.11.windows-amd64/src/runtime/panic.go:890 +0x262\nGo_forum/logic.PostVote(0xc0005340a8)\n\tE:/Go_Projects/Go_forum/logic/vote.go:37 +0x107\nGo_forum/controllers.PostVoteHandler(0xc000104000)\n\tE:/Go_Projects/Go_forum/controllers/vote.go:33 +0x354\ngithub.com/gin-gonic/gin.(*Context).Next(0xc000104000)\n\tE:/Go/Path/pkg/mod/github.com/gin-gonic/gin@v1.9.1/context.go:174 +0x7d\nGo_forum/middlewares.JWTAuthMiddleware.func1(0xc000104000)\n\tE:/Go_Projects/Go_forum/middlewares/jwt.go:39 +0x428\ngithub.com/gin-gonic/gin.(*Context).Next(0xc000104000)\n\tE:/Go/Path/pkg/mod/github.com/gin-gonic/gin@v1.9.1/context.go:174 +0x7d\nGo_forum/logger.GinRecovery.func1(0xc000104000)\n\tE:/Go_Projects/Go_forum/logger/logger.go:139 +0x8c\ngithub.com/gin-gonic/gin.(*Context).Next(0xc000104000)\n\tE:/Go/Path/pkg/mod/github.com/gin-gonic/gin@v1.9.1/context.go:174 +0x7d\nGo_forum/logger.GinLogger.func1(0xc000104000)\n\tE:/Go_Projects/Go_forum/logger/logger.go:80 +0xab\ngithub.com/gin-gonic/gin.(*Context).Next(0xc000104000)\n\tE:/Go/Path/pkg/mod/github.com/gin-gonic/gin@v1.9.1/context.go:174 +0x7d\ngithub.com/gin-gonic/gin.(*Engine).handleHTTPRequest(0xc000085380, 0xc000104000)\n\tE:/Go/Path/pkg/mod/github.com/gin-gonic/gin@v1.9.1/gin.go:620 +0x434\ngithub.com/gin-gonic/gin.(*Engine).ServeHTTP(0xc000085380, {0x11277a0, 0xc0000a4000}, 0xc0001e6000)\n\tE:/Go/Path/pkg/mod/github.com/gin-gonic/gin@v1.9.1/gin.go:576 +0xc5\nnet/http.serverHandler.ServeHTTP({0xc0004c0000}, {0x11277a0, 0xc0000a4000}, 0xc0001e6000)\n\tE:/Go/SDK/go1.20.11.windows-amd64/src/net/http/server.go:2936 +0x494\nnet/http.(*conn).serve(0xc0000b0090, {0x1127ea8, 0xc00007e3c0})\n\tE:/Go/SDK/go1.20.11.windows-amd64/src/net/http/server.go:1995 +0x19b5\ncreated by net/http.(*Server).Serve\n\tE:/Go/SDK/go1.20.11.windows-amd64/src/net/http/server.go:3089 +0xa16\n"}
{"level":"INFO","time":"2024-04-17T01:42:40.875+0800","caller":"logger/logger.go:83","msg":"/api/v1/vote","status":500,"method":"POST","path":"/api/v1/vote","query":"","ip":"::1","user-agent":"PostmanRuntime/7.37.3","errors":"","cost":224.241707}
{"level":"INFO","time":"2024-04-17T01:42:40.892+0800","caller":"Go_forum/main.go:89","msg":"Shutdown Server ..."}
{"level":"INFO","time":"2024-04-17T01:42:40.892+0800","caller":"Go_forum/main.go:98","msg":"Server exiting"}
{"level":"INFO","time":"2024-04-17T01:43:41.655+0800","caller":"logger/logger.go:83","msg":"/api/v1/post","status":200,"method":"POST","path":"/api/v1/post","query":"","ip":"::1","user-agent":"PostmanRuntime/7.37.3","errors":"","cost":0.0028251}
{"level":"INFO","time":"2024-04-17T01:43:59.955+0800","caller":"logger/logger.go:83","msg":"/api/v1/post","status":200,"method":"GET","path":"/api/v1/post","query":"","ip":"::1","user-agent":"PostmanRuntime/7.37.3","errors":"","cost":0.0110912}
{"level":"ERROR","time":"2024-04-17T01:44:15.843+0800","caller":"logger/logger.go:125","msg":"[Recovery from panic]","error":"runtime error: invalid memory address or nil pointer dereference","request":"POST /api/v1/vote HTTP/1.1\r\nHost: localhost:8080\r\nAccept: */*\r\nAccept-Encoding: gzip, deflate, br\r\nAuthorization: Bearer eyJhbGciOiJIUzI1NiIsInR5cCI6IkpXVCJ9.eyJleHAiOjE3MTMzNzQ0NzcsImlzcyI6IldoaXRlRmxvd2VyR2lybCIsInVzZXJuYW1lIjoiRUVib25kIiwidXNlcl9pZCI6MjgwNTQ4NTUwODM4ODg2NDB9.p4uxIAfcxqLc1P7ap3UJun5DVesUZfRuf-qf5fHDLsE\r\nConnection: keep-alive\r\nContent-Length: 56\r\nContent-Type: application/json\r\nPostman-Token: aea7b5f2-9553-4ea9-aa9d-6855e5e2ab2f\r\nUser-Agent: PostmanRuntime/7.37.3\r\n\r\n","stack":"goroutine 30 [running]:\nruntime/debug.Stack()\n\tE:/Go/SDK/go1.20.11.windows-amd64/src/runtime/debug/stack.go:24 +0x65\nGo_forum/logger.GinRecovery.func1.1()\n\tE:/Go_Projects/Go_forum/logger/logger.go:128 +0x2cc\npanic({0x1080380, 0x167a360})\n\tE:/Go/SDK/go1.20.11.windows-amd64/src/runtime/panic.go:884 +0x213\nGo_forum/logic.PostVote(0xc0000875a8)\n\tE:/Go_Projects/Go_forum/logic/vote.go:38 +0xc9\nGo_forum/controllers.PostVoteHandler(0xc000070000)\n\tE:/Go_Projects/Go_forum/controllers/vote.go:33 +0x25f\ngithub.com/gin-gonic/gin.(*Context).Next(...)\n\tE:/Go/Path/pkg/mod/github.com/gin-gonic/gin@v1.9.1/context.go:174\nGo_forum/middlewares.JWTAuthMiddleware.func1(0xc000070000)\n\tE:/Go_Projects/Go_forum/middlewares/jwt.go:39 +0x30a\ngithub.com/gin-gonic/gin.(*Context).Next(...)\n\tE:/Go/Path/pkg/mod/github.com/gin-gonic/gin@v1.9.1/context.go:174\nGo_forum/logger.GinRecovery.func1(0xc000070000)\n\tE:/Go_Projects/Go_forum/logger/logger.go:139 +0x76\ngithub.com/gin-gonic/gin.(*Context).Next(...)\n\tE:/Go/Path/pkg/mod/github.com/gin-gonic/gin@v1.9.1/context.go:174\nGo_forum/logger.GinLogger.func1(0xc000070000)\n\tE:/Go_Projects/Go_forum/logger/logger.go:80 +0x9d\ngithub.com/gin-gonic/gin.(*Context).Next(...)\n\tE:/Go/Path/pkg/mod/github.com/gin-gonic/gin@v1.9.1/context.go:174\ngithub.com/gin-gonic/gin.(*Engine).handleHTTPRequest(0xc000485040, 0xc000070000)\n\tE:/Go/Path/pkg/mod/github.com/gin-gonic/gin@v1.9.1/gin.go:620 +0x66b\ngithub.com/gin-gonic/gin.(*Engine).ServeHTTP(0xc000485040, {0x1242d60?, 0xc000196460}, 0xc0001e4400)\n\tE:/Go/Path/pkg/mod/github.com/gin-gonic/gin@v1.9.1/gin.go:576 +0x1dd\nnet/http.serverHandler.ServeHTTP({0x1241298?}, {0x1242d60, 0xc000196460}, 0xc0001e4400)\n\tE:/Go/SDK/go1.20.11.windows-amd64/src/net/http/server.go:2936 +0x316\nnet/http.(*conn).serve(0xc0001923f0, {0x12434b8, 0xc0001d2210})\n\tE:/Go/SDK/go1.20.11.windows-amd64/src/net/http/server.go:1995 +0x612\ncreated by net/http.(*Server).Serve\n\tE:/Go/SDK/go1.20.11.windows-amd64/src/net/http/server.go:3089 +0x5ed\n"}
{"level":"INFO","time":"2024-04-17T01:44:15.844+0800","caller":"logger/logger.go:83","msg":"/api/v1/vote","status":500,"method":"POST","path":"/api/v1/vote","query":"","ip":"::1","user-agent":"PostmanRuntime/7.37.3","errors":"","cost":0.001743}
{"level":"INFO","time":"2024-04-17T01:44:47.561+0800","caller":"Go_forum/main.go:89","msg":"Shutdown Server ..."}
{"level":"INFO","time":"2024-04-17T01:44:47.561+0800","caller":"Go_forum/main.go:98","msg":"Server exiting"}
{"level":"ERROR","time":"2024-04-17T01:45:02.054+0800","caller":"controllers/vote.go:35","msg":"logic.PostVote有误帖子过期，无法投票"}
{"level":"INFO","time":"2024-04-17T01:45:02.062+0800","caller":"logger/logger.go:83","msg":"/api/v1/vote","status":200,"method":"POST","path":"/api/v1/vote","query":"","ip":"::1","user-agent":"PostmanRuntime/7.37.3","errors":"","cost":0.0084105}
{"level":"INFO","time":"2024-04-17T01:45:12.493+0800","caller":"Go_forum/main.go:89","msg":"Shutdown Server ..."}
{"level":"INFO","time":"2024-04-17T01:45:12.493+0800","caller":"Go_forum/main.go:98","msg":"Server exiting"}
{"level":"ERROR","time":"2024-04-17T01:45:23.659+0800","caller":"controllers/vote.go:35","msg":"logic.PostVote有误帖子过期，无法投票"}
{"level":"INFO","time":"2024-04-17T01:45:23.667+0800","caller":"logger/logger.go:83","msg":"/api/v1/vote","status":200,"method":"POST","path":"/api/v1/vote","query":"","ip":"::1","user-agent":"PostmanRuntime/7.37.3","errors":"","cost":0.0095654}
{"level":"INFO","time":"2024-04-17T01:46:01.514+0800","caller":"logger/logger.go:83","msg":"/api/v1/vote","status":200,"method":"POST","path":"/api/v1/vote","query":"","ip":"::1","user-agent":"PostmanRuntime/7.37.3","errors":"","cost":0.0012186}
{"level":"ERROR","time":"2024-04-17T01:47:01.621+0800","caller":"controllers/vote.go:21","msg":"PostVote参数有误Key: 'VoteData.yes_no' Error:Field validation for 'yes_no' failed on the 'required' tag"}
{"level":"INFO","time":"2024-04-17T01:47:01.622+0800","caller":"logger/logger.go:83","msg":"/api/v1/vote","status":200,"method":"POST","path":"/api/v1/vote","query":"","ip":"::1","user-agent":"PostmanRuntime/7.37.3","errors":"","cost":0.000836}
{"level":"ERROR","time":"2024-04-17T01:47:36.346+0800","caller":"controllers/vote.go:21","msg":"PostVote参数有误invalid character '}' looking for beginning of value"}
{"level":"INFO","time":"2024-04-17T01:47:36.347+0800","caller":"logger/logger.go:83","msg":"/api/v1/vote","status":200,"method":"POST","path":"/api/v1/vote","query":"","ip":"::1","user-agent":"PostmanRuntime/7.37.3","errors":"","cost":0.0005029}
{"level":"INFO","time":"2024-04-17T01:47:48.017+0800","caller":"logger/logger.go:83","msg":"/api/v1/vote","status":200,"method":"POST","path":"/api/v1/vote","query":"","ip":"::1","user-agent":"PostmanRuntime/7.37.3","errors":"","cost":0.0011974}
{"level":"INFO","time":"2024-04-17T01:48:33.988+0800","caller":"Go_forum/main.go:89","msg":"Shutdown Server ..."}
{"level":"INFO","time":"2024-04-17T01:48:33.988+0800","caller":"Go_forum/main.go:98","msg":"Server exiting"}
{"level":"INFO","time":"2024-04-17T01:48:46.579+0800","caller":"logger/logger.go:83","msg":"/api/v1/vote","status":200,"method":"POST","path":"/api/v1/vote","query":"","ip":"::1","user-agent":"PostmanRuntime/7.37.3","errors":"","cost":0.0015626}
{"level":"INFO","time":"2024-04-17T01:48:50.907+0800","caller":"logger/logger.go:83","msg":"/api/v1/vote","status":200,"method":"POST","path":"/api/v1/vote","query":"","ip":"::1","user-agent":"PostmanRuntime/7.37.3","errors":"","cost":0.0007328}
{"level":"INFO","time":"2024-04-17T01:49:33.359+0800","caller":"logger/logger.go:83","msg":"/api/v1/vote","status":200,"method":"POST","path":"/api/v1/vote","query":"","ip":"::1","user-agent":"PostmanRuntime/7.37.3","errors":"","cost":0.001877}
{"level":"INFO","time":"2024-04-17T01:49:49.876+0800","caller":"Go_forum/main.go:89","msg":"Shutdown Server ..."}
{"level":"INFO","time":"2024-04-17T01:49:49.876+0800","caller":"Go_forum/main.go:98","msg":"Server exiting"}
